2025-08-09 12:39:56,435 - DEBUG: Processing image: C:\Users\Raffetto\AppData\Local\Temp\temp_1754757596352_g7h5c1.png
2025-08-09 12:39:56,984 - 
Searching for text near 'INVOICE NO' in 'below' position:
2025-08-09 12:39:56,985 - Complete keyphrase 'INVOICE NO' not found within threshold.
2025-08-09 12:39:56,985 - 
Searching for text near 'ACCOUNT NO' in 'below' position:
2025-08-09 12:39:56,986 - Keyphrase 'ACCOUNT NO' bounding box:
2025-08-09 12:39:56,986 -   Top-left: (3, 344)
2025-08-09 12:39:56,986 -   Bottom-right: (100, 355)
2025-08-09 12:39:57,003 - No valid matching text found near 'ACCOUNT NO'
2025-08-09 12:39:57,005 - 
Searching for text near 'INVOICE DATE' in 'below' position:
2025-08-09 12:39:57,006 - Complete keyphrase 'INVOICE DATE' not found within threshold.
2025-08-09 12:39:57,006 - 
Searching for text near 'INVOICE NO' in 'below' position:
2025-08-09 12:39:57,006 - Keyphrase 'INVOICE NO' bounding box:
2025-08-09 12:39:57,006 -   Top-left: (994, 79)
2025-08-09 12:39:57,006 -   Bottom-right: (1123, 95)
2025-08-09 12:39:57,024 - No valid matching text found near 'INVOICE NO'
2025-08-09 12:39:57,024 - 
Searching for text near 'ACCOUNT NO' in 'below' position:
2025-08-09 12:39:57,024 - Keyphrase 'ACCOUNT NO' bounding box:
2025-08-09 12:39:57,024 -   Top-left: (3, 344)
2025-08-09 12:39:57,024 -   Bottom-right: (100, 355)
2025-08-09 12:39:57,042 - No valid matching text found near 'ACCOUNT NO'
2025-08-09 12:39:57,042 - 
Searching for text near 'INVOICE DATE' in 'below' position:
2025-08-09 12:39:57,042 - Keyphrase 'INVOICE DATE' bounding box:
2025-08-09 12:39:57,042 -   Top-left: (990, 155)
2025-08-09 12:39:57,042 -   Bottom-right: (1136, 174)
2025-08-09 12:39:57,060 - No valid matching text found near 'INVOICE DATE'
2025-08-09 12:39:57,060 - 
Searching for text near 'INVOICE NO' in 'below' position:
2025-08-09 12:39:57,060 - Keyphrase 'INVOICE NO' bounding box:
2025-08-09 12:39:57,060 -   Top-left: (994, 79)
2025-08-09 12:39:57,060 -   Bottom-right: (1123, 95)
2025-08-09 12:39:57,077 - No valid matching text found near 'INVOICE NO'
2025-08-09 12:39:57,077 - 
Searching for text near 'ACCOUNT NO' in 'below' position:
2025-08-09 12:39:57,078 - Keyphrase 'ACCOUNT NO' bounding box:
2025-08-09 12:39:57,078 -   Top-left: (3, 344)
2025-08-09 12:39:57,078 -   Bottom-right: (100, 355)
2025-08-09 12:39:57,095 - No valid matching text found near 'ACCOUNT NO'
2025-08-09 12:39:57,095 - 
Searching for text near 'INVOICE DATE' in 'below' position:
2025-08-09 12:39:57,096 - Keyphrase 'INVOICE DATE' bounding box:
2025-08-09 12:39:57,096 -   Top-left: (990, 155)
2025-08-09 12:39:57,096 -   Bottom-right: (1136, 174)
2025-08-09 12:39:57,113 - No valid matching text found near 'INVOICE DATE'
2025-08-09 12:39:57,113 - 
Searching for text near 'INVOICE NO' in 'below' position:
2025-08-09 12:39:57,114 - Keyphrase 'INVOICE NO' bounding box:
2025-08-09 12:39:57,114 -   Top-left: (994, 79)
2025-08-09 12:39:57,114 -   Bottom-right: (1123, 95)
2025-08-09 12:39:57,131 - No valid matching text found near 'INVOICE NO'
2025-08-09 12:39:57,131 - 
Searching for text near 'ACCOUNT NO' in 'below' position:
2025-08-09 12:39:57,132 - Keyphrase 'ACCOUNT NO' bounding box:
2025-08-09 12:39:57,132 -   Top-left: (3, 344)
2025-08-09 12:39:57,132 -   Bottom-right: (100, 355)
2025-08-09 12:39:57,149 - No valid matching text found near 'ACCOUNT NO'
2025-08-09 12:39:57,149 - 
Searching for text near 'INVOICE DATE' in 'below' position:
2025-08-09 12:39:57,149 - Keyphrase 'INVOICE DATE' bounding box:
2025-08-09 12:39:57,149 -   Top-left: (990, 155)
2025-08-09 12:39:57,149 -   Bottom-right: (1136, 174)
2025-08-09 12:39:57,166 - 
MATCH FOUND: '02/04/25'
2025-08-09 12:39:57,166 - Match bounding box:
2025-08-09 12:39:57,167 -   Top-left: (1028, 195)
2025-08-09 12:39:57,167 -   Bottom-right: (1140, 214)
2025-08-09 12:39:57,167 - 
Searching for text near 'INVOICE NO' in 'below' position:
2025-08-09 12:39:57,167 - Keyphrase 'INVOICE NO' bounding box:
2025-08-09 12:39:57,167 -   Top-left: (994, 79)
2025-08-09 12:39:57,167 -   Bottom-right: (1123, 95)
2025-08-09 12:39:57,184 - No valid matching text found near 'INVOICE NO'
2025-08-09 12:39:57,184 - 
Searching for text near 'ACCOUNT NO' in 'below' position:
2025-08-09 12:39:57,185 - Keyphrase 'ACCOUNT NO' bounding box:
2025-08-09 12:39:57,185 -   Top-left: (3, 344)
2025-08-09 12:39:57,185 -   Bottom-right: (100, 355)
2025-08-09 12:39:57,202 - No valid matching text found near 'ACCOUNT NO'
2025-08-09 12:39:57,202 - 
Searching for text near 'INVOICE NO' in 'below' position:
2025-08-09 12:39:57,203 - Keyphrase 'INVOICE NO' bounding box:
2025-08-09 12:39:57,203 -   Top-left: (994, 79)
2025-08-09 12:39:57,203 -   Bottom-right: (1123, 95)
2025-08-09 12:39:57,220 - No valid matching text found near 'INVOICE NO'
2025-08-09 12:39:57,220 - 
Searching for text near 'ACCOUNT NO' in 'below' position:
2025-08-09 12:39:57,220 - Keyphrase 'ACCOUNT NO' bounding box:
2025-08-09 12:39:57,221 -   Top-left: (3, 344)
2025-08-09 12:39:57,221 -   Bottom-right: (100, 355)
2025-08-09 12:39:57,237 - 
MATCH FOUND: 'AQUANY'
2025-08-09 12:39:57,237 - Match bounding box:
2025-08-09 12:39:57,237 -   Top-left: (20, 383)
2025-08-09 12:39:57,238 -   Bottom-right: (105, 397)
2025-08-09 12:39:57,238 - 
Searching for text near 'INVOICE NO' in 'below' position:
2025-08-09 12:39:57,238 - Keyphrase 'INVOICE NO' bounding box:
2025-08-09 12:39:57,238 -   Top-left: (994, 79)
2025-08-09 12:39:57,238 -   Bottom-right: (1123, 95)
2025-08-09 12:39:57,255 - 
MATCH FOUND: '436166'
2025-08-09 12:39:57,256 - Match bounding box:
2025-08-09 12:39:57,256 -   Top-left: (1027, 129)
2025-08-09 12:39:57,256 -   Bottom-right: (1111, 144)
2025-08-09 12:39:57,256 - DEBUG: Automatic detection successful
