2025-08-09 12:52:09,247 - DEBUG: Processing image: C:\Users\Raffetto\AppData\Local\Temp\temp_1754758329159_lzxhv3.png
2025-08-09 12:52:09,710 - 
Searching for text near 'INVOICE NO' in 'below' position:
2025-08-09 12:52:09,712 - Complete keyphrase 'INVOICE NO' not found within threshold.
2025-08-09 12:52:09,712 - 
Searching for text near 'ACCOUNT NO' in 'below' position:
2025-08-09 12:52:09,712 - Keyphrase 'ACCOUNT NO' bounding box:
2025-08-09 12:52:09,712 -   Top-left: (6, 341)
2025-08-09 12:52:09,712 -   Bottom-right: (102, 356)
2025-08-09 12:52:09,730 - No valid matching text found near 'ACCOUNT NO'
2025-08-09 12:52:09,731 - 
Searching for text near 'INVOICE DATE' in 'below' position:
2025-08-09 12:52:09,732 - Complete keyphrase 'INVOICE DATE' not found within threshold.
2025-08-09 12:52:09,732 - 
Searching for text near 'INVOICE NO' in 'below' position:
2025-08-09 12:52:09,732 - Keyphrase 'INVOICE NO' bounding box:
2025-08-09 12:52:09,732 -   Top-left: (1000, 87)
2025-08-09 12:52:09,732 -   Bottom-right: (1130, 105)
2025-08-09 12:52:09,749 - No valid matching text found near 'INVOICE NO'
2025-08-09 12:52:09,749 - 
Searching for text near 'ACCOUNT NO' in 'below' position:
2025-08-09 12:52:09,750 - Keyphrase 'ACCOUNT NO' bounding box:
2025-08-09 12:52:09,750 -   Top-left: (6, 341)
2025-08-09 12:52:09,750 -   Bottom-right: (102, 356)
2025-08-09 12:52:09,767 - No valid matching text found near 'ACCOUNT NO'
2025-08-09 12:52:09,767 - 
Searching for text near 'INVOICE DATE' in 'below' position:
2025-08-09 12:52:09,768 - Keyphrase 'INVOICE DATE' bounding box:
2025-08-09 12:52:09,768 -   Top-left: (995, 166)
2025-08-09 12:52:09,768 -   Bottom-right: (1140, 182)
2025-08-09 12:52:09,785 - No valid matching text found near 'INVOICE DATE'
2025-08-09 12:52:09,785 - 
Searching for text near 'INVOICE NO' in 'below' position:
2025-08-09 12:52:09,785 - Keyphrase 'INVOICE NO' bounding box:
2025-08-09 12:52:09,785 -   Top-left: (1000, 87)
2025-08-09 12:52:09,785 -   Bottom-right: (1130, 105)
2025-08-09 12:52:09,802 - No valid matching text found near 'INVOICE NO'
2025-08-09 12:52:09,802 - 
Searching for text near 'ACCOUNT NO' in 'below' position:
2025-08-09 12:52:09,803 - Keyphrase 'ACCOUNT NO' bounding box:
2025-08-09 12:52:09,803 -   Top-left: (6, 341)
2025-08-09 12:52:09,803 -   Bottom-right: (102, 356)
2025-08-09 12:52:09,820 - No valid matching text found near 'ACCOUNT NO'
2025-08-09 12:52:09,820 - 
Searching for text near 'INVOICE DATE' in 'below' position:
2025-08-09 12:52:09,821 - Keyphrase 'INVOICE DATE' bounding box:
2025-08-09 12:52:09,821 -   Top-left: (995, 166)
2025-08-09 12:52:09,821 -   Bottom-right: (1140, 182)
2025-08-09 12:52:09,838 - No valid matching text found near 'INVOICE DATE'
2025-08-09 12:52:09,838 - 
Searching for text near 'INVOICE NO' in 'below' position:
2025-08-09 12:52:09,839 - Keyphrase 'INVOICE NO' bounding box:
2025-08-09 12:52:09,839 -   Top-left: (1000, 87)
2025-08-09 12:52:09,839 -   Bottom-right: (1130, 105)
2025-08-09 12:52:09,856 - No valid matching text found near 'INVOICE NO'
2025-08-09 12:52:09,856 - 
Searching for text near 'ACCOUNT NO' in 'below' position:
2025-08-09 12:52:09,856 - Keyphrase 'ACCOUNT NO' bounding box:
2025-08-09 12:52:09,857 -   Top-left: (6, 341)
2025-08-09 12:52:09,857 -   Bottom-right: (102, 356)
2025-08-09 12:52:09,876 - No valid matching text found near 'ACCOUNT NO'
2025-08-09 12:52:09,876 - 
Searching for text near 'INVOICE DATE' in 'below' position:
2025-08-09 12:52:09,877 - Keyphrase 'INVOICE DATE' bounding box:
2025-08-09 12:52:09,877 -   Top-left: (995, 166)
2025-08-09 12:52:09,877 -   Bottom-right: (1140, 182)
2025-08-09 12:52:09,894 - No valid matching text found near 'INVOICE DATE'
2025-08-09 12:52:09,894 - 
Searching for text near 'INVOICE NO' in 'below' position:
2025-08-09 12:52:09,894 - Keyphrase 'INVOICE NO' bounding box:
2025-08-09 12:52:09,894 -   Top-left: (1000, 87)
2025-08-09 12:52:09,894 -   Bottom-right: (1130, 105)
2025-08-09 12:52:09,912 - No valid matching text found near 'INVOICE NO'
2025-08-09 12:52:09,912 - 
Searching for text near 'ACCOUNT NO' in 'below' position:
2025-08-09 12:52:09,912 - Keyphrase 'ACCOUNT NO' bounding box:
2025-08-09 12:52:09,912 -   Top-left: (6, 341)
2025-08-09 12:52:09,912 -   Bottom-right: (102, 356)
2025-08-09 12:52:09,929 - No valid matching text found near 'ACCOUNT NO'
2025-08-09 12:52:09,929 - 
Searching for text near 'INVOICE DATE' in 'below' position:
2025-08-09 12:52:09,930 - Keyphrase 'INVOICE DATE' bounding box:
2025-08-09 12:52:09,930 -   Top-left: (995, 166)
2025-08-09 12:52:09,930 -   Bottom-right: (1140, 182)
2025-08-09 12:52:09,947 - No valid matching text found near 'INVOICE DATE'
2025-08-09 12:52:09,947 - 
Searching for text near 'INVOICE NO' in 'below' position:
2025-08-09 12:52:09,948 - Keyphrase 'INVOICE NO' bounding box:
2025-08-09 12:52:09,948 -   Top-left: (1000, 87)
2025-08-09 12:52:09,948 -   Bottom-right: (1130, 105)
2025-08-09 12:52:09,965 - No valid matching text found near 'INVOICE NO'
2025-08-09 12:52:09,965 - 
Searching for text near 'ACCOUNT NO' in 'below' position:
2025-08-09 12:52:09,966 - Keyphrase 'ACCOUNT NO' bounding box:
2025-08-09 12:52:09,966 -   Top-left: (6, 341)
2025-08-09 12:52:09,966 -   Bottom-right: (102, 356)
2025-08-09 12:52:09,983 - 
MATCH FOUND: 'LEFKES'
2025-08-09 12:52:09,983 - Match bounding box:
2025-08-09 12:52:09,983 -   Top-left: (25, 382)
2025-08-09 12:52:09,983 -   Bottom-right: (108, 398)
2025-08-09 12:52:09,983 - 
Searching for text near 'INVOICE DATE' in 'below' position:
2025-08-09 12:52:09,984 - Keyphrase 'INVOICE DATE' bounding box:
2025-08-09 12:52:09,984 -   Top-left: (995, 166)
2025-08-09 12:52:09,984 -   Bottom-right: (1140, 182)
2025-08-09 12:52:10,001 - 
MATCH FOUND: '06/07/25'
2025-08-09 12:52:10,001 - Match bounding box:
2025-08-09 12:52:10,001 -   Top-left: (1033, 208)
2025-08-09 12:52:10,001 -   Bottom-right: (1145, 228)
2025-08-09 12:52:10,001 - 
Searching for text near 'INVOICE NO' in 'below' position:
2025-08-09 12:52:10,002 - Keyphrase 'INVOICE NO' bounding box:
2025-08-09 12:52:10,002 -   Top-left: (1000, 87)
2025-08-09 12:52:10,002 -   Bottom-right: (1130, 105)
2025-08-09 12:52:10,019 - No valid matching text found near 'INVOICE NO'
2025-08-09 12:52:10,019 - 
Searching for text near 'INVOICE NO' in 'below' position:
2025-08-09 12:52:10,020 - Keyphrase 'INVOICE NO' bounding box:
2025-08-09 12:52:10,020 -   Top-left: (1000, 87)
2025-08-09 12:52:10,020 -   Bottom-right: (1130, 105)
2025-08-09 12:52:10,037 - 
MATCH FOUND: '439667'
2025-08-09 12:52:10,037 - Match bounding box:
2025-08-09 12:52:10,037 -   Top-left: (1031, 142)
2025-08-09 12:52:10,037 -   Bottom-right: (1116, 156)
2025-08-09 12:52:10,038 - DEBUG: Automatic detection successful
