2025-08-09 11:18:19,416 - DEBUG: Processing image: C:\Users\Raffetto\AppData\Local\Temp\temp_1754752699343_5hju6x.png
2025-08-09 11:18:19,822 - 
Searching for text near 'INVOICE NO' in 'below' position:
2025-08-09 11:18:19,823 - Complete keyphrase 'INVOICE NO' not found within threshold.
2025-08-09 11:18:19,823 - 
Searching for text near 'ACCOUNT NO' in 'below' position:
2025-08-09 11:18:19,823 - Keyphrase 'ACCOUNT NO' bounding box:
2025-08-09 11:18:19,823 -   Top-left: (7, 362)
2025-08-09 11:18:19,823 -   Bottom-right: (104, 375)
2025-08-09 11:18:19,838 - No valid matching text found near 'ACCOUNT NO'
2025-08-09 11:18:19,838 - 
Searching for text near 'INVOICE DATE' in 'below' position:
2025-08-09 11:18:19,838 - Complete keyphrase 'INVOICE DATE' not found within threshold.
2025-08-09 11:18:19,838 - 
Searching for text near 'INVOICE NO' in 'below' position:
2025-08-09 11:18:19,839 - Keyphrase 'INVOICE NO' bounding box:
2025-08-09 11:18:19,839 -   Top-left: (995, 81)
2025-08-09 11:18:19,839 -   Bottom-right: (1123, 99)
2025-08-09 11:18:19,853 - No valid matching text found near 'INVOICE NO'
2025-08-09 11:18:19,853 - 
Searching for text near 'ACCOUNT NO' in 'below' position:
2025-08-09 11:18:19,854 - Keyphrase 'ACCOUNT NO' bounding box:
2025-08-09 11:18:19,854 -   Top-left: (7, 362)
2025-08-09 11:18:19,854 -   Bottom-right: (104, 375)
2025-08-09 11:18:19,868 - No valid matching text found near 'ACCOUNT NO'
2025-08-09 11:18:19,868 - 
Searching for text near 'INVOICE DATE' in 'below' position:
2025-08-09 11:18:19,869 - Keyphrase 'INVOICE DATE' bounding box:
2025-08-09 11:18:19,869 -   Top-left: (992, 160)
2025-08-09 11:18:19,869 -   Bottom-right: (1136, 177)
2025-08-09 11:18:19,883 - No valid matching text found near 'INVOICE DATE'
2025-08-09 11:18:19,883 - 
Searching for text near 'INVOICE NO' in 'below' position:
2025-08-09 11:18:19,884 - Keyphrase 'INVOICE NO' bounding box:
2025-08-09 11:18:19,884 -   Top-left: (995, 81)
2025-08-09 11:18:19,884 -   Bottom-right: (1123, 99)
2025-08-09 11:18:19,898 - No valid matching text found near 'INVOICE NO'
2025-08-09 11:18:19,898 - 
Searching for text near 'ACCOUNT NO' in 'below' position:
2025-08-09 11:18:19,899 - Keyphrase 'ACCOUNT NO' bounding box:
2025-08-09 11:18:19,899 -   Top-left: (7, 362)
2025-08-09 11:18:19,899 -   Bottom-right: (104, 375)
2025-08-09 11:18:19,913 - No valid matching text found near 'ACCOUNT NO'
2025-08-09 11:18:19,913 - 
Searching for text near 'INVOICE DATE' in 'below' position:
2025-08-09 11:18:19,914 - Keyphrase 'INVOICE DATE' bounding box:
2025-08-09 11:18:19,914 -   Top-left: (992, 160)
2025-08-09 11:18:19,914 -   Bottom-right: (1136, 177)
2025-08-09 11:18:19,928 - No valid matching text found near 'INVOICE DATE'
2025-08-09 11:18:19,928 - 
Searching for text near 'INVOICE NO' in 'below' position:
2025-08-09 11:18:19,928 - Keyphrase 'INVOICE NO' bounding box:
2025-08-09 11:18:19,928 -   Top-left: (995, 81)
2025-08-09 11:18:19,928 -   Bottom-right: (1123, 99)
2025-08-09 11:18:19,943 - No valid matching text found near 'INVOICE NO'
2025-08-09 11:18:19,943 - 
Searching for text near 'ACCOUNT NO' in 'below' position:
2025-08-09 11:18:19,943 - Keyphrase 'ACCOUNT NO' bounding box:
2025-08-09 11:18:19,943 -   Top-left: (7, 362)
2025-08-09 11:18:19,943 -   Bottom-right: (104, 375)
2025-08-09 11:18:19,957 - No valid matching text found near 'ACCOUNT NO'
2025-08-09 11:18:19,957 - 
Searching for text near 'INVOICE DATE' in 'below' position:
2025-08-09 11:18:19,958 - Keyphrase 'INVOICE DATE' bounding box:
2025-08-09 11:18:19,958 -   Top-left: (992, 160)
2025-08-09 11:18:19,958 -   Bottom-right: (1136, 177)
2025-08-09 11:18:19,972 - No valid matching text found near 'INVOICE DATE'
2025-08-09 11:18:19,972 - 
Searching for text near 'INVOICE NO' in 'below' position:
2025-08-09 11:18:19,973 - Keyphrase 'INVOICE NO' bounding box:
2025-08-09 11:18:19,973 -   Top-left: (995, 81)
2025-08-09 11:18:19,973 -   Bottom-right: (1123, 99)
2025-08-09 11:18:19,987 - No valid matching text found near 'INVOICE NO'
2025-08-09 11:18:19,987 - 
Searching for text near 'ACCOUNT NO' in 'below' position:
2025-08-09 11:18:19,988 - Keyphrase 'ACCOUNT NO' bounding box:
2025-08-09 11:18:19,988 -   Top-left: (7, 362)
2025-08-09 11:18:19,988 -   Bottom-right: (104, 375)
2025-08-09 11:18:20,002 - No valid matching text found near 'ACCOUNT NO'
2025-08-09 11:18:20,002 - 
Searching for text near 'INVOICE DATE' in 'below' position:
2025-08-09 11:18:20,002 - Keyphrase 'INVOICE DATE' bounding box:
2025-08-09 11:18:20,002 -   Top-left: (992, 160)
2025-08-09 11:18:20,002 -   Bottom-right: (1136, 177)
2025-08-09 11:18:20,017 - 
MATCH FOUND: '01/02/25'
2025-08-09 11:18:20,017 - Match bounding box:
2025-08-09 11:18:20,017 -   Top-left: (1034, 201)
2025-08-09 11:18:20,017 -   Bottom-right: (1146, 219)
2025-08-09 11:18:20,017 - 
Searching for text near 'INVOICE NO' in 'below' position:
2025-08-09 11:18:20,017 - Keyphrase 'INVOICE NO' bounding box:
2025-08-09 11:18:20,017 -   Top-left: (995, 81)
2025-08-09 11:18:20,018 -   Bottom-right: (1123, 99)
2025-08-09 11:18:20,032 - No valid matching text found near 'INVOICE NO'
2025-08-09 11:18:20,032 - 
Searching for text near 'ACCOUNT NO' in 'below' position:
2025-08-09 11:18:20,033 - Keyphrase 'ACCOUNT NO' bounding box:
2025-08-09 11:18:20,033 -   Top-left: (7, 362)
2025-08-09 11:18:20,033 -   Bottom-right: (104, 375)
2025-08-09 11:18:20,048 - 
MATCH FOUND: 'CESARE'
2025-08-09 11:18:20,048 - Match bounding box:
2025-08-09 11:18:20,048 -   Top-left: (30, 404)
2025-08-09 11:18:20,048 -   Bottom-right: (114, 418)
2025-08-09 11:18:20,048 - 
Searching for text near 'INVOICE NO' in 'below' position:
2025-08-09 11:18:20,049 - Keyphrase 'INVOICE NO' bounding box:
2025-08-09 11:18:20,049 -   Top-left: (995, 81)
2025-08-09 11:18:20,049 -   Bottom-right: (1123, 99)
2025-08-09 11:18:20,063 - 
MATCH FOUND: '435323'
2025-08-09 11:18:20,063 - Match bounding box:
2025-08-09 11:18:20,063 -   Top-left: (1031, 134)
2025-08-09 11:18:20,063 -   Bottom-right: (1117, 149)
2025-08-09 11:18:20,064 - DEBUG: Automatic detection successful
