2025-08-09 12:46:10,448 - DEBUG: Processing image: C:\Users\Raffetto\AppData\Local\Temp\temp_1754757970363_c97ipk.png
2025-08-09 12:46:10,897 - 
Searching for text near 'INVOICE NO' in 'below' position:
2025-08-09 12:46:10,898 - Complete keyphrase 'INVOICE NO' not found within threshold.
2025-08-09 12:46:10,898 - 
Searching for text near 'ACCOUNT NO' in 'below' position:
2025-08-09 12:46:10,899 - Keyphrase 'ACCOUNT NO' bounding box:
2025-08-09 12:46:10,899 -   Top-left: (3, 344)
2025-08-09 12:46:10,899 -   Bottom-right: (100, 355)
2025-08-09 12:46:10,916 - No valid matching text found near 'ACCOUNT NO'
2025-08-09 12:46:10,917 - 
Searching for text near 'INVOICE DATE' in 'below' position:
2025-08-09 12:46:10,918 - Complete keyphrase 'INVOICE DATE' not found within threshold.
2025-08-09 12:46:10,918 - 
Searching for text near 'INVOICE NO' in 'below' position:
2025-08-09 12:46:10,918 - Keyphrase 'INVOICE NO' bounding box:
2025-08-09 12:46:10,918 -   Top-left: (994, 79)
2025-08-09 12:46:10,918 -   Bottom-right: (1123, 95)
2025-08-09 12:46:10,935 - No valid matching text found near 'INVOICE NO'
2025-08-09 12:46:10,935 - 
Searching for text near 'ACCOUNT NO' in 'below' position:
2025-08-09 12:46:10,936 - Keyphrase 'ACCOUNT NO' bounding box:
2025-08-09 12:46:10,936 -   Top-left: (3, 344)
2025-08-09 12:46:10,936 -   Bottom-right: (100, 355)
2025-08-09 12:46:10,953 - No valid matching text found near 'ACCOUNT NO'
2025-08-09 12:46:10,953 - 
Searching for text near 'INVOICE DATE' in 'below' position:
2025-08-09 12:46:10,954 - Keyphrase 'INVOICE DATE' bounding box:
2025-08-09 12:46:10,954 -   Top-left: (990, 155)
2025-08-09 12:46:10,954 -   Bottom-right: (1136, 174)
2025-08-09 12:46:10,971 - No valid matching text found near 'INVOICE DATE'
2025-08-09 12:46:10,971 - 
Searching for text near 'INVOICE NO' in 'below' position:
2025-08-09 12:46:10,972 - Keyphrase 'INVOICE NO' bounding box:
2025-08-09 12:46:10,972 -   Top-left: (994, 79)
2025-08-09 12:46:10,972 -   Bottom-right: (1123, 95)
2025-08-09 12:46:10,989 - No valid matching text found near 'INVOICE NO'
2025-08-09 12:46:10,989 - 
Searching for text near 'ACCOUNT NO' in 'below' position:
2025-08-09 12:46:10,990 - Keyphrase 'ACCOUNT NO' bounding box:
2025-08-09 12:46:10,990 -   Top-left: (3, 344)
2025-08-09 12:46:10,990 -   Bottom-right: (100, 355)
2025-08-09 12:46:11,007 - No valid matching text found near 'ACCOUNT NO'
2025-08-09 12:46:11,007 - 
Searching for text near 'INVOICE DATE' in 'below' position:
2025-08-09 12:46:11,007 - Keyphrase 'INVOICE DATE' bounding box:
2025-08-09 12:46:11,008 -   Top-left: (990, 155)
2025-08-09 12:46:11,008 -   Bottom-right: (1136, 174)
2025-08-09 12:46:11,025 - No valid matching text found near 'INVOICE DATE'
2025-08-09 12:46:11,025 - 
Searching for text near 'INVOICE NO' in 'below' position:
2025-08-09 12:46:11,025 - Keyphrase 'INVOICE NO' bounding box:
2025-08-09 12:46:11,025 -   Top-left: (994, 79)
2025-08-09 12:46:11,025 -   Bottom-right: (1123, 95)
2025-08-09 12:46:11,043 - No valid matching text found near 'INVOICE NO'
2025-08-09 12:46:11,043 - 
Searching for text near 'ACCOUNT NO' in 'below' position:
2025-08-09 12:46:11,043 - Keyphrase 'ACCOUNT NO' bounding box:
2025-08-09 12:46:11,043 -   Top-left: (3, 344)
2025-08-09 12:46:11,044 -   Bottom-right: (100, 355)
2025-08-09 12:46:11,061 - No valid matching text found near 'ACCOUNT NO'
2025-08-09 12:46:11,061 - 
Searching for text near 'INVOICE DATE' in 'below' position:
2025-08-09 12:46:11,061 - Keyphrase 'INVOICE DATE' bounding box:
2025-08-09 12:46:11,061 -   Top-left: (990, 155)
2025-08-09 12:46:11,061 -   Bottom-right: (1136, 174)
2025-08-09 12:46:11,079 - 
MATCH FOUND: '02/04/25'
2025-08-09 12:46:11,079 - Match bounding box:
2025-08-09 12:46:11,079 -   Top-left: (1028, 195)
2025-08-09 12:46:11,079 -   Bottom-right: (1140, 214)
2025-08-09 12:46:11,079 - 
Searching for text near 'INVOICE NO' in 'below' position:
2025-08-09 12:46:11,080 - Keyphrase 'INVOICE NO' bounding box:
2025-08-09 12:46:11,080 -   Top-left: (994, 79)
2025-08-09 12:46:11,080 -   Bottom-right: (1123, 95)
2025-08-09 12:46:11,097 - No valid matching text found near 'INVOICE NO'
2025-08-09 12:46:11,097 - 
Searching for text near 'ACCOUNT NO' in 'below' position:
2025-08-09 12:46:11,098 - Keyphrase 'ACCOUNT NO' bounding box:
2025-08-09 12:46:11,098 -   Top-left: (3, 344)
2025-08-09 12:46:11,098 -   Bottom-right: (100, 355)
2025-08-09 12:46:11,115 - No valid matching text found near 'ACCOUNT NO'
2025-08-09 12:46:11,116 - 
Searching for text near 'INVOICE NO' in 'below' position:
2025-08-09 12:46:11,116 - Keyphrase 'INVOICE NO' bounding box:
2025-08-09 12:46:11,116 -   Top-left: (994, 79)
2025-08-09 12:46:11,116 -   Bottom-right: (1123, 95)
2025-08-09 12:46:11,134 - No valid matching text found near 'INVOICE NO'
2025-08-09 12:46:11,134 - 
Searching for text near 'ACCOUNT NO' in 'below' position:
2025-08-09 12:46:11,135 - Keyphrase 'ACCOUNT NO' bounding box:
2025-08-09 12:46:11,135 -   Top-left: (3, 344)
2025-08-09 12:46:11,135 -   Bottom-right: (100, 355)
2025-08-09 12:46:11,152 - 
MATCH FOUND: 'AQUANY'
2025-08-09 12:46:11,152 - Match bounding box:
2025-08-09 12:46:11,152 -   Top-left: (20, 383)
2025-08-09 12:46:11,152 -   Bottom-right: (105, 397)
2025-08-09 12:46:11,152 - 
Searching for text near 'INVOICE NO' in 'below' position:
2025-08-09 12:46:11,153 - Keyphrase 'INVOICE NO' bounding box:
2025-08-09 12:46:11,153 -   Top-left: (994, 79)
2025-08-09 12:46:11,153 -   Bottom-right: (1123, 95)
2025-08-09 12:46:11,170 - 
MATCH FOUND: '436166'
2025-08-09 12:46:11,170 - Match bounding box:
2025-08-09 12:46:11,170 -   Top-left: (1027, 129)
2025-08-09 12:46:11,171 -   Bottom-right: (1111, 144)
2025-08-09 12:46:11,171 - DEBUG: Automatic detection successful
2025-08-09 12:46:11,347 - DEBUG: Processing image: C:\Users\Raffetto\AppData\Local\Temp\temp_1754757971266_dlmgh7.png
2025-08-09 12:46:11,785 - 
Searching for text near 'INVOICE NO' in 'below' position:
2025-08-09 12:46:11,786 - Complete keyphrase 'INVOICE NO' not found within threshold.
2025-08-09 12:46:11,786 - 
Searching for text near 'ACCOUNT NO' in 'below' position:
2025-08-09 12:46:11,787 - Keyphrase 'ACCOUNT NO' bounding box:
2025-08-09 12:46:11,787 -   Top-left: (5, 347)
2025-08-09 12:46:11,787 -   Bottom-right: (105, 359)
2025-08-09 12:46:11,809 - No valid matching text found near 'ACCOUNT NO'
2025-08-09 12:46:11,809 - 
Searching for text near 'INVOICE DATE' in 'below' position:
2025-08-09 12:46:11,810 - Complete keyphrase 'INVOICE DATE' not found within threshold.
2025-08-09 12:46:11,810 - 
Searching for text near 'INVOICE NO' in 'below' position:
2025-08-09 12:46:11,811 - Keyphrase 'INVOICE NO' bounding box:
2025-08-09 12:46:11,811 -   Top-left: (996, 76)
2025-08-09 12:46:11,811 -   Bottom-right: (1125, 94)
2025-08-09 12:46:11,832 - No valid matching text found near 'INVOICE NO'
2025-08-09 12:46:11,832 - 
Searching for text near 'ACCOUNT NO' in 'below' position:
2025-08-09 12:46:11,833 - Keyphrase 'ACCOUNT NO' bounding box:
2025-08-09 12:46:11,833 -   Top-left: (5, 347)
2025-08-09 12:46:11,833 -   Bottom-right: (105, 359)
2025-08-09 12:46:11,855 - No valid matching text found near 'ACCOUNT NO'
2025-08-09 12:46:11,855 - 
Searching for text near 'INVOICE DATE' in 'below' position:
2025-08-09 12:46:11,855 - Keyphrase 'INVOICE DATE' bounding box:
2025-08-09 12:46:11,855 -   Top-left: (992, 153)
2025-08-09 12:46:11,855 -   Bottom-right: (1137, 169)
2025-08-09 12:46:11,876 - No valid matching text found near 'INVOICE DATE'
2025-08-09 12:46:11,876 - 
Searching for text near 'INVOICE NO' in 'below' position:
2025-08-09 12:46:11,877 - Keyphrase 'INVOICE NO' bounding box:
2025-08-09 12:46:11,877 -   Top-left: (996, 76)
2025-08-09 12:46:11,877 -   Bottom-right: (1125, 94)
2025-08-09 12:46:11,898 - No valid matching text found near 'INVOICE NO'
2025-08-09 12:46:11,898 - 
Searching for text near 'ACCOUNT NO' in 'below' position:
2025-08-09 12:46:11,899 - Keyphrase 'ACCOUNT NO' bounding box:
2025-08-09 12:46:11,899 -   Top-left: (5, 347)
2025-08-09 12:46:11,899 -   Bottom-right: (105, 359)
2025-08-09 12:46:11,921 - No valid matching text found near 'ACCOUNT NO'
2025-08-09 12:46:11,921 - 
Searching for text near 'INVOICE DATE' in 'below' position:
2025-08-09 12:46:11,921 - Keyphrase 'INVOICE DATE' bounding box:
2025-08-09 12:46:11,921 -   Top-left: (992, 153)
2025-08-09 12:46:11,921 -   Bottom-right: (1137, 169)
2025-08-09 12:46:11,943 - No valid matching text found near 'INVOICE DATE'
2025-08-09 12:46:11,943 - 
Searching for text near 'INVOICE NO' in 'below' position:
2025-08-09 12:46:11,943 - Keyphrase 'INVOICE NO' bounding box:
2025-08-09 12:46:11,943 -   Top-left: (996, 76)
2025-08-09 12:46:11,943 -   Bottom-right: (1125, 94)
2025-08-09 12:46:11,965 - No valid matching text found near 'INVOICE NO'
2025-08-09 12:46:11,965 - 
Searching for text near 'ACCOUNT NO' in 'below' position:
2025-08-09 12:46:11,965 - Keyphrase 'ACCOUNT NO' bounding box:
2025-08-09 12:46:11,965 -   Top-left: (5, 347)
2025-08-09 12:46:11,965 -   Bottom-right: (105, 359)
2025-08-09 12:46:11,987 - No valid matching text found near 'ACCOUNT NO'
2025-08-09 12:46:11,987 - 
Searching for text near 'INVOICE DATE' in 'below' position:
2025-08-09 12:46:11,987 - Keyphrase 'INVOICE DATE' bounding box:
2025-08-09 12:46:11,987 -   Top-left: (992, 153)
2025-08-09 12:46:11,987 -   Bottom-right: (1137, 169)
2025-08-09 12:46:12,009 - No valid matching text found near 'INVOICE DATE'
2025-08-09 12:46:12,009 - 
Searching for text near 'INVOICE NO' in 'below' position:
2025-08-09 12:46:12,009 - Keyphrase 'INVOICE NO' bounding box:
2025-08-09 12:46:12,009 -   Top-left: (996, 76)
2025-08-09 12:46:12,009 -   Bottom-right: (1125, 94)
2025-08-09 12:46:12,031 - No valid matching text found near 'INVOICE NO'
2025-08-09 12:46:12,031 - 
Searching for text near 'ACCOUNT NO' in 'below' position:
2025-08-09 12:46:12,031 - Keyphrase 'ACCOUNT NO' bounding box:
2025-08-09 12:46:12,032 -   Top-left: (5, 347)
2025-08-09 12:46:12,032 -   Bottom-right: (105, 359)
2025-08-09 12:46:12,053 - No valid matching text found near 'ACCOUNT NO'
2025-08-09 12:46:12,053 - 
Searching for text near 'INVOICE DATE' in 'below' position:
2025-08-09 12:46:12,054 - Keyphrase 'INVOICE DATE' bounding box:
2025-08-09 12:46:12,054 -   Top-left: (992, 153)
2025-08-09 12:46:12,054 -   Bottom-right: (1137, 169)
2025-08-09 12:46:12,075 - 
MATCH FOUND: '07/01/25'
2025-08-09 12:46:12,075 - Match bounding box:
2025-08-09 12:46:12,075 -   Top-left: (1030, 196)
2025-08-09 12:46:12,075 -   Bottom-right: (1141, 213)
2025-08-09 12:46:12,075 - 
Searching for text near 'INVOICE NO' in 'below' position:
2025-08-09 12:46:12,076 - Keyphrase 'INVOICE NO' bounding box:
2025-08-09 12:46:12,076 -   Top-left: (996, 76)
2025-08-09 12:46:12,076 -   Bottom-right: (1125, 94)
2025-08-09 12:46:12,097 - No valid matching text found near 'INVOICE NO'
2025-08-09 12:46:12,097 - 
Searching for text near 'ACCOUNT NO' in 'below' position:
2025-08-09 12:46:12,098 - Keyphrase 'ACCOUNT NO' bounding box:
2025-08-09 12:46:12,098 -   Top-left: (5, 347)
2025-08-09 12:46:12,098 -   Bottom-right: (105, 359)
2025-08-09 12:46:12,120 - 
MATCH FOUND: 'SUPREM'
2025-08-09 12:46:12,120 - Match bounding box:
2025-08-09 12:46:12,120 -   Top-left: (24, 389)
2025-08-09 12:46:12,120 -   Bottom-right: (107, 404)
2025-08-09 12:46:12,120 - 
Searching for text near 'INVOICE NO' in 'below' position:
2025-08-09 12:46:12,121 - Keyphrase 'INVOICE NO' bounding box:
2025-08-09 12:46:12,121 -   Top-left: (996, 76)
2025-08-09 12:46:12,121 -   Bottom-right: (1125, 94)
2025-08-09 12:46:12,142 - 
MATCH FOUND: '440278'
2025-08-09 12:46:12,142 - Match bounding box:
2025-08-09 12:46:12,142 -   Top-left: (1028, 129)
2025-08-09 12:46:12,143 -   Bottom-right: (1111, 143)
2025-08-09 12:46:12,143 - DEBUG: Automatic detection successful
