2025-08-09 09:11:04,594 - DEBUG: Processing image: C:\Users\Raffetto\AppData\Local\Temp\temp_1754745064520_metecy.png
2025-08-09 09:11:04,958 - 
Searching for text near 'INVOICE NO' in 'below' position:
2025-08-09 09:11:04,959 - Complete keyphrase 'INVOICE NO' not found within threshold.
2025-08-09 09:11:04,959 - 
Searching for text near 'ACCOUNT NO' in 'below' position:
2025-08-09 09:11:04,959 - Keyphrase 'ACCOUNT NO' bounding box:
2025-08-09 09:11:04,959 -   Top-left: (7, 362)
2025-08-09 09:11:04,959 -   Bottom-right: (104, 375)
2025-08-09 09:11:04,974 - No valid matching text found near 'ACCOUNT NO'
2025-08-09 09:11:04,976 - 
Searching for text near 'INVOICE DATE' in 'below' position:
2025-08-09 09:11:04,976 - Complete keyphrase 'INVOICE DATE' not found within threshold.
2025-08-09 09:11:04,976 - 
Searching for text near 'INVOICE NO' in 'below' position:
2025-08-09 09:11:04,977 - Keyphrase 'INVOICE NO' bounding box:
2025-08-09 09:11:04,977 -   Top-left: (995, 81)
2025-08-09 09:11:04,977 -   Bottom-right: (1123, 99)
2025-08-09 09:11:04,991 - No valid matching text found near 'INVOICE NO'
2025-08-09 09:11:04,992 - 
Searching for text near 'ACCOUNT NO' in 'below' position:
2025-08-09 09:11:04,992 - Keyphrase 'ACCOUNT NO' bounding box:
2025-08-09 09:11:04,992 -   Top-left: (7, 362)
2025-08-09 09:11:04,992 -   Bottom-right: (104, 375)
2025-08-09 09:11:05,006 - No valid matching text found near 'ACCOUNT NO'
2025-08-09 09:11:05,006 - 
Searching for text near 'INVOICE DATE' in 'below' position:
2025-08-09 09:11:05,007 - Keyphrase 'INVOICE DATE' bounding box:
2025-08-09 09:11:05,007 -   Top-left: (992, 160)
2025-08-09 09:11:05,007 -   Bottom-right: (1136, 177)
2025-08-09 09:11:05,021 - No valid matching text found near 'INVOICE DATE'
2025-08-09 09:11:05,021 - 
Searching for text near 'INVOICE NO' in 'below' position:
2025-08-09 09:11:05,022 - Keyphrase 'INVOICE NO' bounding box:
2025-08-09 09:11:05,022 -   Top-left: (995, 81)
2025-08-09 09:11:05,022 -   Bottom-right: (1123, 99)
2025-08-09 09:11:05,036 - No valid matching text found near 'INVOICE NO'
2025-08-09 09:11:05,036 - 
Searching for text near 'ACCOUNT NO' in 'below' position:
2025-08-09 09:11:05,036 - Keyphrase 'ACCOUNT NO' bounding box:
2025-08-09 09:11:05,037 -   Top-left: (7, 362)
2025-08-09 09:11:05,037 -   Bottom-right: (104, 375)
2025-08-09 09:11:05,051 - No valid matching text found near 'ACCOUNT NO'
2025-08-09 09:11:05,051 - 
Searching for text near 'INVOICE DATE' in 'below' position:
2025-08-09 09:11:05,051 - Keyphrase 'INVOICE DATE' bounding box:
2025-08-09 09:11:05,051 -   Top-left: (992, 160)
2025-08-09 09:11:05,051 -   Bottom-right: (1136, 177)
2025-08-09 09:11:05,065 - No valid matching text found near 'INVOICE DATE'
2025-08-09 09:11:05,065 - 
Searching for text near 'INVOICE NO' in 'below' position:
2025-08-09 09:11:05,066 - Keyphrase 'INVOICE NO' bounding box:
2025-08-09 09:11:05,066 -   Top-left: (995, 81)
2025-08-09 09:11:05,066 -   Bottom-right: (1123, 99)
2025-08-09 09:11:05,080 - No valid matching text found near 'INVOICE NO'
2025-08-09 09:11:05,080 - 
Searching for text near 'ACCOUNT NO' in 'below' position:
2025-08-09 09:11:05,081 - Keyphrase 'ACCOUNT NO' bounding box:
2025-08-09 09:11:05,081 -   Top-left: (7, 362)
2025-08-09 09:11:05,081 -   Bottom-right: (104, 375)
2025-08-09 09:11:05,095 - No valid matching text found near 'ACCOUNT NO'
2025-08-09 09:11:05,095 - 
Searching for text near 'INVOICE DATE' in 'below' position:
2025-08-09 09:11:05,096 - Keyphrase 'INVOICE DATE' bounding box:
2025-08-09 09:11:05,096 -   Top-left: (992, 160)
2025-08-09 09:11:05,096 -   Bottom-right: (1136, 177)
2025-08-09 09:11:05,110 - No valid matching text found near 'INVOICE DATE'
2025-08-09 09:11:05,110 - 
Searching for text near 'INVOICE NO' in 'below' position:
2025-08-09 09:11:05,110 - Keyphrase 'INVOICE NO' bounding box:
2025-08-09 09:11:05,110 -   Top-left: (995, 81)
2025-08-09 09:11:05,110 -   Bottom-right: (1123, 99)
2025-08-09 09:11:05,125 - No valid matching text found near 'INVOICE NO'
2025-08-09 09:11:05,125 - 
Searching for text near 'ACCOUNT NO' in 'below' position:
2025-08-09 09:11:05,125 - Keyphrase 'ACCOUNT NO' bounding box:
2025-08-09 09:11:05,125 -   Top-left: (7, 362)
2025-08-09 09:11:05,125 -   Bottom-right: (104, 375)
2025-08-09 09:11:05,139 - No valid matching text found near 'ACCOUNT NO'
2025-08-09 09:11:05,139 - 
Searching for text near 'INVOICE DATE' in 'below' position:
2025-08-09 09:11:05,140 - Keyphrase 'INVOICE DATE' bounding box:
2025-08-09 09:11:05,140 -   Top-left: (992, 160)
2025-08-09 09:11:05,140 -   Bottom-right: (1136, 177)
2025-08-09 09:11:05,154 - 
MATCH FOUND: '01/02/25'
2025-08-09 09:11:05,154 - Match bounding box:
2025-08-09 09:11:05,154 -   Top-left: (1034, 201)
2025-08-09 09:11:05,155 -   Bottom-right: (1146, 219)
2025-08-09 09:11:05,155 - 
Searching for text near 'INVOICE NO' in 'below' position:
2025-08-09 09:11:05,155 - Keyphrase 'INVOICE NO' bounding box:
2025-08-09 09:11:05,155 -   Top-left: (995, 81)
2025-08-09 09:11:05,155 -   Bottom-right: (1123, 99)
2025-08-09 09:11:05,169 - No valid matching text found near 'INVOICE NO'
2025-08-09 09:11:05,169 - 
Searching for text near 'ACCOUNT NO' in 'below' position:
2025-08-09 09:11:05,170 - Keyphrase 'ACCOUNT NO' bounding box:
2025-08-09 09:11:05,170 -   Top-left: (7, 362)
2025-08-09 09:11:05,170 -   Bottom-right: (104, 375)
2025-08-09 09:11:05,184 - 
MATCH FOUND: 'CESARE'
2025-08-09 09:11:05,184 - Match bounding box:
2025-08-09 09:11:05,184 -   Top-left: (30, 404)
2025-08-09 09:11:05,184 -   Bottom-right: (114, 418)
2025-08-09 09:11:05,185 - 
Searching for text near 'INVOICE NO' in 'below' position:
2025-08-09 09:11:05,185 - Keyphrase 'INVOICE NO' bounding box:
2025-08-09 09:11:05,185 -   Top-left: (995, 81)
2025-08-09 09:11:05,185 -   Bottom-right: (1123, 99)
2025-08-09 09:11:05,199 - 
MATCH FOUND: '435323'
2025-08-09 09:11:05,199 - Match bounding box:
2025-08-09 09:11:05,199 -   Top-left: (1031, 134)
2025-08-09 09:11:05,199 -   Bottom-right: (1117, 149)
2025-08-09 09:11:05,200 - DEBUG: Automatic detection successful
