2025-08-09 13:00:05,224 - DEBUG: Processing image: C:\Users\Raffetto\AppData\Local\Temp\temp_1754758805136_5rbsth.png
2025-08-09 13:00:05,650 - ================================================================================
2025-08-09 13:00:05,650 - COMPLETE OCR RESULTS FROM GOOGLE VISION API
2025-08-09 13:00:05,650 - ================================================================================
2025-08-09 13:00:05,650 - Total text elements found: 185
2025-08-09 13:00:05,650 - --------------------------------------------------------------------------------
2025-08-09 13:00:05,650 - Element  0: 'Raffetto's
SOLD TO
Fresh Pasta LLC
LEFKES RESTAURANT
495 SYLVAN AVE
MAKERS OF FRESH PASTA SINCE 1906
469 WEST COMMERCIAL AVE., MOONACHIE, NJ 07074
TEL: (201) 372-1222 FAX: (201) 935-4619
ORDER PLACEMENT EMAIL: myorder@raffettospasta.com
ENGLEWOOD CLIFFS NJ 07632
201-408-4444
ORDPER: NANO
S LEFKES RESTAURANT
495 SYLVAN AVE
ENGLEWOOD CLIFFS NJ 07632
INVOICE NO.
439667
INVOICE DATE
06/07/25
DELIVERY DAY
Saturday
T
O
0
ACCOUNT NO
P.O. NUMBER
SLSM
DRIVER/RT #
STOP #
SHIPPED VIA
TERMS
LEFKES
ITEM NO.
01
4
100
OUR VAN
QUANTITY QUANTITY
ORDERED SHIPPED
UNIT OF
MEASURE
DESCRIPTION
CASE PACK
NET 7
UNIT PRICE
- WEEKL
EXTENSION
P1PAPP
2
2
CS WHITE PAPPARDELLE IN VAC-PACK TRAY
6LB
23.88 47.76
24 LOBS
2
2
CS ROUND JUMBO LOBSTER RAV. 10/12-COUNT
*** BALANCES DUE ***
99.40 198.80
GROSS WT
TOTAL NO. OF
PIECES
4
04/04
330.13
04/25
379.02
05/09
438.57
05/17
246.56
05/28
335.56
Total :
$1729.84
RECEIVED IN GOOD ORDER BY:
SHIPPING
1.80
TODAY'S INVOICE TOTAL
248.36'
2025-08-09 13:00:05,650 -    Position: (  5,  78) to (1186, 1513)
2025-08-09 13:00:05,651 -    Size: 1181x1435 pixels
2025-08-09 13:00:05,651 - ----------------------------------------
2025-08-09 13:00:05,651 - Element  1: 'Raffetto's'
2025-08-09 13:00:05,651 -    Position: ( 79,  80) to (374, 161)
2025-08-09 13:00:05,651 -    Size: 295x81 pixels
2025-08-09 13:00:05,651 - ----------------------------------------
2025-08-09 13:00:05,651 - Element  2: 'SOLD'
2025-08-09 13:00:05,651 -    Position: ( 78, 201) to ( 90, 269)
2025-08-09 13:00:05,651 -    Size: 12x68 pixels
2025-08-09 13:00:05,651 - ----------------------------------------
2025-08-09 13:00:05,651 - Element  3: 'TO'
2025-08-09 13:00:05,651 -    Position: ( 78, 289) to ( 90, 322)
2025-08-09 13:00:05,651 -    Size: 12x33 pixels
2025-08-09 13:00:05,651 - ----------------------------------------
2025-08-09 13:00:05,651 - Element  4: 'Fresh'
2025-08-09 13:00:05,651 -    Position: (225, 155) to (260, 168)
2025-08-09 13:00:05,651 -    Size: 35x13 pixels
2025-08-09 13:00:05,651 - ----------------------------------------
2025-08-09 13:00:05,651 - Element  5: 'Pasta'
2025-08-09 13:00:05,651 -    Position: (263, 155) to (300, 168)
2025-08-09 13:00:05,651 -    Size: 37x13 pixels
2025-08-09 13:00:05,651 - ----------------------------------------
2025-08-09 13:00:05,652 - Element  6: 'LLC'
2025-08-09 13:00:05,652 -    Position: (303, 156) to (338, 169)
2025-08-09 13:00:05,652 -    Size: 35x13 pixels
2025-08-09 13:00:05,652 - ----------------------------------------
2025-08-09 13:00:05,652 - Element  7: 'LEFKES'
2025-08-09 13:00:05,652 -    Position: (141, 199) to (224, 217)
2025-08-09 13:00:05,652 -    Size: 83x18 pixels
2025-08-09 13:00:05,652 - ----------------------------------------
2025-08-09 13:00:05,652 - Element  8: 'RESTAURANT'
2025-08-09 13:00:05,652 -    Position: (240, 200) to (382, 219)
2025-08-09 13:00:05,652 -    Size: 142x19 pixels
2025-08-09 13:00:05,652 - ----------------------------------------
2025-08-09 13:00:05,652 - Element  9: '495'
2025-08-09 13:00:05,652 -    Position: (139, 225) to (180, 241)
2025-08-09 13:00:05,652 -    Size: 41x16 pixels
2025-08-09 13:00:05,652 - ----------------------------------------
2025-08-09 13:00:05,652 - Element 10: 'SYLVAN'
2025-08-09 13:00:05,652 -    Position: (198, 225) to (282, 241)
2025-08-09 13:00:05,652 -    Size: 84x16 pixels
2025-08-09 13:00:05,652 - ----------------------------------------
2025-08-09 13:00:05,652 - Element 11: 'AVE'
2025-08-09 13:00:05,652 -    Position: (296, 225) to (339, 241)
2025-08-09 13:00:05,653 -    Size: 43x16 pixels
2025-08-09 13:00:05,653 - ----------------------------------------
2025-08-09 13:00:05,653 - Element 12: 'MAKERS'
2025-08-09 13:00:05,653 -    Position: (472,  78) to (561,  98)
2025-08-09 13:00:05,653 -    Size: 89x20 pixels
2025-08-09 13:00:05,653 - ----------------------------------------
2025-08-09 13:00:05,653 - Element 13: 'OF'
2025-08-09 13:00:05,653 -    Position: (569,  80) to (599,  98)
2025-08-09 13:00:05,653 -    Size: 30x18 pixels
2025-08-09 13:00:05,653 - ----------------------------------------
2025-08-09 13:00:05,653 - Element 14: 'FRESH'
2025-08-09 13:00:05,653 -    Position: (606,  80) to (670, 100)
2025-08-09 13:00:05,653 -    Size: 64x20 pixels
2025-08-09 13:00:05,653 - ----------------------------------------
2025-08-09 13:00:05,653 - Element 15: 'PASTA'
2025-08-09 13:00:05,653 -    Position: (678,  81) to (745, 100)
2025-08-09 13:00:05,653 -    Size: 67x19 pixels
2025-08-09 13:00:05,653 - ----------------------------------------
2025-08-09 13:00:05,653 - Element 16: 'SINCE'
2025-08-09 13:00:05,653 -    Position: (753,  81) to (815, 101)
2025-08-09 13:00:05,653 -    Size: 62x20 pixels
2025-08-09 13:00:05,653 - ----------------------------------------
2025-08-09 13:00:05,653 - Element 17: '1906'
2025-08-09 13:00:05,654 -    Position: (825,  83) to (878, 102)
2025-08-09 13:00:05,654 -    Size: 53x19 pixels
2025-08-09 13:00:05,654 - ----------------------------------------
2025-08-09 13:00:05,654 - Element 18: '469'
2025-08-09 13:00:05,654 -    Position: (440, 103) to (473, 121)
2025-08-09 13:00:05,654 -    Size: 33x18 pixels
2025-08-09 13:00:05,654 - ----------------------------------------
2025-08-09 13:00:05,654 - Element 19: 'WEST'
2025-08-09 13:00:05,654 -    Position: (478, 103) to (526, 122)
2025-08-09 13:00:05,654 -    Size: 48x19 pixels
2025-08-09 13:00:05,654 - ----------------------------------------
2025-08-09 13:00:05,654 - Element 20: 'COMMERCIAL'
2025-08-09 13:00:05,654 -    Position: (532, 103) to (649, 123)
2025-08-09 13:00:05,654 -    Size: 117x20 pixels
2025-08-09 13:00:05,654 - ----------------------------------------
2025-08-09 13:00:05,654 - Element 21: 'AVE'
2025-08-09 13:00:05,654 -    Position: (654, 105) to (685, 123)
2025-08-09 13:00:05,654 -    Size: 31x18 pixels
2025-08-09 13:00:05,654 - ----------------------------------------
2025-08-09 13:00:05,654 - Element 22: '.'
2025-08-09 13:00:05,654 -    Position: (685, 105) to (690, 123)
2025-08-09 13:00:05,654 -    Size: 5x18 pixels
2025-08-09 13:00:05,654 - ----------------------------------------
2025-08-09 13:00:05,654 - Element 23: ','
2025-08-09 13:00:05,655 -    Position: (691, 105) to (695, 123)
2025-08-09 13:00:05,655 -    Size: 4x18 pixels
2025-08-09 13:00:05,655 - ----------------------------------------
2025-08-09 13:00:05,655 - Element 24: 'MOONACHIE'
2025-08-09 13:00:05,655 -    Position: (702, 105) to (817, 125)
2025-08-09 13:00:05,655 -    Size: 115x20 pixels
2025-08-09 13:00:05,655 - ----------------------------------------
2025-08-09 13:00:05,655 - Element 25: ','
2025-08-09 13:00:05,655 -    Position: (817, 107) to (822, 125)
2025-08-09 13:00:05,655 -    Size: 5x18 pixels
2025-08-09 13:00:05,655 - ----------------------------------------
2025-08-09 13:00:05,655 - Element 26: 'NJ'
2025-08-09 13:00:05,655 -    Position: (827, 107) to (848, 125)
2025-08-09 13:00:05,655 -    Size: 21x18 pixels
2025-08-09 13:00:05,655 - ----------------------------------------
2025-08-09 13:00:05,655 - Element 27: '07074'
2025-08-09 13:00:05,655 -    Position: (854, 107) to (908, 126)
2025-08-09 13:00:05,655 -    Size: 54x19 pixels
2025-08-09 13:00:05,655 - ----------------------------------------
2025-08-09 13:00:05,655 - Element 28: 'TEL'
2025-08-09 13:00:05,655 -    Position: (494, 127) to (520, 145)
2025-08-09 13:00:05,656 -    Size: 26x18 pixels
2025-08-09 13:00:05,656 - ----------------------------------------
2025-08-09 13:00:05,656 - Element 29: ':'
2025-08-09 13:00:05,656 -    Position: (520, 127) to (524, 145)
2025-08-09 13:00:05,656 -    Size: 4x18 pixels
2025-08-09 13:00:05,656 - ----------------------------------------
2025-08-09 13:00:05,656 - Element 30: '('
2025-08-09 13:00:05,656 -    Position: (531, 127) to (536, 145)
2025-08-09 13:00:05,656 -    Size: 5x18 pixels
2025-08-09 13:00:05,656 - ----------------------------------------
2025-08-09 13:00:05,656 - Element 31: '201'
2025-08-09 13:00:05,656 -    Position: (535, 127) to (567, 145)
2025-08-09 13:00:05,656 -    Size: 32x18 pixels
2025-08-09 13:00:05,656 - ----------------------------------------
2025-08-09 13:00:05,656 - Element 32: ')'
2025-08-09 13:00:05,656 -    Position: (567, 127) to (573, 145)
2025-08-09 13:00:05,656 -    Size: 6x18 pixels
2025-08-09 13:00:05,656 - ----------------------------------------
2025-08-09 13:00:05,656 - Element 33: '372-1222'
2025-08-09 13:00:05,656 -    Position: (580, 127) to (661, 145)
2025-08-09 13:00:05,656 -    Size: 81x18 pixels
2025-08-09 13:00:05,656 - ----------------------------------------
2025-08-09 13:00:05,656 - Element 34: 'FAX'
2025-08-09 13:00:05,657 -    Position: (683, 127) to (713, 145)
2025-08-09 13:00:05,657 -    Size: 30x18 pixels
2025-08-09 13:00:05,657 - ----------------------------------------
2025-08-09 13:00:05,657 - Element 35: ':'
2025-08-09 13:00:05,657 -    Position: (712, 127) to (717, 145)
2025-08-09 13:00:05,657 -    Size: 5x18 pixels
2025-08-09 13:00:05,657 - ----------------------------------------
2025-08-09 13:00:05,657 - Element 36: '('
2025-08-09 13:00:05,657 -    Position: (724, 127) to (728, 145)
2025-08-09 13:00:05,657 -    Size: 4x18 pixels
2025-08-09 13:00:05,657 - ----------------------------------------
2025-08-09 13:00:05,657 - Element 37: '201'
2025-08-09 13:00:05,657 -    Position: (729, 128) to (759, 146)
2025-08-09 13:00:05,657 -    Size: 30x18 pixels
2025-08-09 13:00:05,657 - ----------------------------------------
2025-08-09 13:00:05,657 - Element 38: ')'
2025-08-09 13:00:05,657 -    Position: (761, 128) to (767, 146)
2025-08-09 13:00:05,657 -    Size: 6x18 pixels
2025-08-09 13:00:05,657 - ----------------------------------------
2025-08-09 13:00:05,657 - Element 39: '935-4619'
2025-08-09 13:00:05,657 -    Position: (772, 128) to (853, 146)
2025-08-09 13:00:05,657 -    Size: 81x18 pixels
2025-08-09 13:00:05,657 - ----------------------------------------
2025-08-09 13:00:05,657 - Element 40: 'ORDER'
2025-08-09 13:00:05,658 -    Position: (450, 143) to (507, 165)
2025-08-09 13:00:05,658 -    Size: 57x22 pixels
2025-08-09 13:00:05,658 - ----------------------------------------
2025-08-09 13:00:05,658 - Element 41: 'PLACEMENT'
2025-08-09 13:00:05,658 -    Position: (512, 144) to (613, 167)
2025-08-09 13:00:05,658 -    Size: 101x23 pixels
2025-08-09 13:00:05,658 - ----------------------------------------
2025-08-09 13:00:05,658 - Element 42: 'EMAIL'
2025-08-09 13:00:05,658 -    Position: (618, 146) to (667, 168)
2025-08-09 13:00:05,658 -    Size: 49x22 pixels
2025-08-09 13:00:05,658 - ----------------------------------------
2025-08-09 13:00:05,658 - Element 43: ':'
2025-08-09 13:00:05,658 -    Position: (667, 147) to (671, 167)
2025-08-09 13:00:05,658 -    Size: 4x20 pixels
2025-08-09 13:00:05,658 - ----------------------------------------
2025-08-09 13:00:05,658 - Element 44: 'myorder@raffettospasta.com'
2025-08-09 13:00:05,658 -    Position: (679, 147) to (899, 171)
2025-08-09 13:00:05,658 -    Size: 220x24 pixels
2025-08-09 13:00:05,658 - ----------------------------------------
2025-08-09 13:00:05,658 - Element 45: 'ENGLEWOOD'
2025-08-09 13:00:05,658 -    Position: (140, 268) to (268, 286)
2025-08-09 13:00:05,658 -    Size: 128x18 pixels
2025-08-09 13:00:05,658 - ----------------------------------------
2025-08-09 13:00:05,658 - Element 46: 'CLIFFS'
2025-08-09 13:00:05,659 -    Position: (283, 270) to (368, 288)
2025-08-09 13:00:05,659 -    Size: 85x18 pixels
2025-08-09 13:00:05,659 - ----------------------------------------
2025-08-09 13:00:05,659 - Element 47: 'NJ'
2025-08-09 13:00:05,659 -    Position: (383, 271) to (411, 288)
2025-08-09 13:00:05,659 -    Size: 28x17 pixels
2025-08-09 13:00:05,659 - ----------------------------------------
2025-08-09 13:00:05,659 - Element 48: '07632'
2025-08-09 13:00:05,659 -    Position: (427, 271) to (495, 289)
2025-08-09 13:00:05,659 -    Size: 68x18 pixels
2025-08-09 13:00:05,659 - ----------------------------------------
2025-08-09 13:00:05,659 - Element 49: '201-408-4444'
2025-08-09 13:00:05,659 -    Position: (140, 292) to (306, 308)
2025-08-09 13:00:05,659 -    Size: 166x16 pixels
2025-08-09 13:00:05,659 - ----------------------------------------
2025-08-09 13:00:05,659 - Element 50: 'ORDPER'
2025-08-09 13:00:05,659 -    Position: (138, 315) to (223, 331)
2025-08-09 13:00:05,659 -    Size: 85x16 pixels
2025-08-09 13:00:05,659 - ----------------------------------------
2025-08-09 13:00:05,659 - Element 51: ':'
2025-08-09 13:00:05,659 -    Position: (228, 316) to (234, 330)
2025-08-09 13:00:05,659 -    Size: 6x14 pixels
2025-08-09 13:00:05,659 - ----------------------------------------
2025-08-09 13:00:05,659 - Element 52: 'NANO'
2025-08-09 13:00:05,660 -    Position: (252, 316) to (310, 331)
2025-08-09 13:00:05,660 -    Size: 58x15 pixels
2025-08-09 13:00:05,660 - ----------------------------------------
2025-08-09 13:00:05,660 - Element 53: 'S'
2025-08-09 13:00:05,660 -    Position: (547, 206) to (555, 217)
2025-08-09 13:00:05,660 -    Size: 8x11 pixels
2025-08-09 13:00:05,660 - ----------------------------------------
2025-08-09 13:00:05,660 - Element 54: 'LEFKES'
2025-08-09 13:00:05,660 -    Position: (600, 204) to (684, 222)
2025-08-09 13:00:05,660 -    Size: 84x18 pixels
2025-08-09 13:00:05,660 - ----------------------------------------
2025-08-09 13:00:05,660 - Element 55: 'RESTAURANT'
2025-08-09 13:00:05,660 -    Position: (700, 205) to (844, 224)
2025-08-09 13:00:05,660 -    Size: 144x19 pixels
2025-08-09 13:00:05,660 - ----------------------------------------
2025-08-09 13:00:05,660 - Element 56: '495'
2025-08-09 13:00:05,660 -    Position: (599, 229) to (639, 244)
2025-08-09 13:00:05,660 -    Size: 40x15 pixels
2025-08-09 13:00:05,660 - ----------------------------------------
2025-08-09 13:00:05,660 - Element 57: 'SYLVAN'
2025-08-09 13:00:05,660 -    Position: (656, 229) to (744, 245)
2025-08-09 13:00:05,660 -    Size: 88x16 pixels
2025-08-09 13:00:05,660 - ----------------------------------------
2025-08-09 13:00:05,660 - Element 58: 'AVE'
2025-08-09 13:00:05,660 -    Position: (756, 229) to (801, 245)
2025-08-09 13:00:05,661 -    Size: 45x16 pixels
2025-08-09 13:00:05,661 - ----------------------------------------
2025-08-09 13:00:05,661 - Element 59: 'ENGLEWOOD'
2025-08-09 13:00:05,661 -    Position: (600, 272) to (728, 292)
2025-08-09 13:00:05,661 -    Size: 128x20 pixels
2025-08-09 13:00:05,661 - ----------------------------------------
2025-08-09 13:00:05,661 - Element 60: 'CLIFFS'
2025-08-09 13:00:05,661 -    Position: (744, 274) to (829, 293)
2025-08-09 13:00:05,661 -    Size: 85x19 pixels
2025-08-09 13:00:05,661 - ----------------------------------------
2025-08-09 13:00:05,661 - Element 61: 'NJ'
2025-08-09 13:00:05,661 -    Position: (844, 276) to (872, 293)
2025-08-09 13:00:05,661 -    Size: 28x17 pixels
2025-08-09 13:00:05,661 - ----------------------------------------
2025-08-09 13:00:05,661 - Element 62: '07632'
2025-08-09 13:00:05,661 -    Position: (889, 276) to (957, 295)
2025-08-09 13:00:05,661 -    Size: 68x19 pixels
2025-08-09 13:00:05,661 - ----------------------------------------
2025-08-09 13:00:05,661 - Element 63: 'INVOICE'
2025-08-09 13:00:05,661 -    Position: (1000,  87) to (1088, 105)
2025-08-09 13:00:05,661 -    Size: 88x18 pixels
2025-08-09 13:00:05,661 - ----------------------------------------
2025-08-09 13:00:05,661 - Element 64: 'NO'
2025-08-09 13:00:05,661 -    Position: (1095,  88) to (1130, 104)
2025-08-09 13:00:05,662 -    Size: 35x16 pixels
2025-08-09 13:00:05,662 - ----------------------------------------
2025-08-09 13:00:05,662 - Element 65: '.'
2025-08-09 13:00:05,662 -    Position: (1127,  88) to (1135, 104)
2025-08-09 13:00:05,662 -    Size: 8x16 pixels
2025-08-09 13:00:05,662 - ----------------------------------------
2025-08-09 13:00:05,662 - Element 66: '439667'
2025-08-09 13:00:05,662 -    Position: (1031, 142) to (1116, 156)
2025-08-09 13:00:05,662 -    Size: 85x14 pixels
2025-08-09 13:00:05,662 - ----------------------------------------
2025-08-09 13:00:05,662 - Element 67: 'INVOICE'
2025-08-09 13:00:05,662 -    Position: (995, 166) to (1082, 182)
2025-08-09 13:00:05,662 -    Size: 87x16 pixels
2025-08-09 13:00:05,662 - ----------------------------------------
2025-08-09 13:00:05,662 - Element 68: 'DATE'
2025-08-09 13:00:05,662 -    Position: (1089, 166) to (1140, 182)
2025-08-09 13:00:05,662 -    Size: 51x16 pixels
2025-08-09 13:00:05,662 - ----------------------------------------
2025-08-09 13:00:05,662 - Element 69: '06/07/25'
2025-08-09 13:00:05,662 -    Position: (1033, 208) to (1145, 228)
2025-08-09 13:00:05,662 -    Size: 112x20 pixels
2025-08-09 13:00:05,662 - ----------------------------------------
2025-08-09 13:00:05,662 - Element 70: 'DELIVERY'
2025-08-09 13:00:05,663 -    Position: (995, 243) to (1090, 260)
2025-08-09 13:00:05,663 -    Size: 95x17 pixels
2025-08-09 13:00:05,663 - ----------------------------------------
2025-08-09 13:00:05,663 - Element 71: 'DAY'
2025-08-09 13:00:05,663 -    Position: (1098, 245) to (1139, 260)
2025-08-09 13:00:05,663 -    Size: 41x15 pixels
2025-08-09 13:00:05,663 - ----------------------------------------
2025-08-09 13:00:05,663 - Element 72: 'Saturday'
2025-08-09 13:00:05,663 -    Position: (1018, 278) to (1132, 299)
2025-08-09 13:00:05,663 -    Size: 114x21 pixels
2025-08-09 13:00:05,663 - ----------------------------------------
2025-08-09 13:00:05,663 - Element 73: 'T'
2025-08-09 13:00:05,663 -    Position: (547, 295) to (556, 305)
2025-08-09 13:00:05,663 -    Size: 9x10 pixels
2025-08-09 13:00:05,663 - ----------------------------------------
2025-08-09 13:00:05,663 - Element 74: 'O'
2025-08-09 13:00:05,663 -    Position: (545, 314) to (556, 324)
2025-08-09 13:00:05,663 -    Size: 11x10 pixels
2025-08-09 13:00:05,663 - ----------------------------------------
2025-08-09 13:00:05,663 - Element 75: '0'
2025-08-09 13:00:05,663 -    Position: (1018, 326) to (1029, 340)
2025-08-09 13:00:05,663 -    Size: 11x14 pixels
2025-08-09 13:00:05,663 - ----------------------------------------
2025-08-09 13:00:05,663 - Element 76: 'ACCOUNT'
2025-08-09 13:00:05,663 -    Position: (  6, 341) to ( 76, 356)
2025-08-09 13:00:05,664 -    Size: 70x15 pixels
2025-08-09 13:00:05,664 - ----------------------------------------
2025-08-09 13:00:05,664 - Element 77: 'NO'
2025-08-09 13:00:05,664 -    Position: ( 80, 343) to (102, 356)
2025-08-09 13:00:05,664 -    Size: 22x13 pixels
2025-08-09 13:00:05,664 - ----------------------------------------
2025-08-09 13:00:05,664 - Element 78: 'P.O.'
2025-08-09 13:00:05,664 -    Position: (131, 344) to (155, 356)
2025-08-09 13:00:05,664 -    Size: 24x12 pixels
2025-08-09 13:00:05,664 - ----------------------------------------
2025-08-09 13:00:05,664 - Element 79: 'NUMBER'
2025-08-09 13:00:05,664 -    Position: (161, 344) to (218, 356)
2025-08-09 13:00:05,664 -    Size: 57x12 pixels
2025-08-09 13:00:05,664 - ----------------------------------------
2025-08-09 13:00:05,664 - Element 80: 'SLSM'
2025-08-09 13:00:05,664 -    Position: (379, 346) to (411, 358)
2025-08-09 13:00:05,664 -    Size: 32x12 pixels
2025-08-09 13:00:05,664 - ----------------------------------------
2025-08-09 13:00:05,664 - Element 81: 'DRIVER'
2025-08-09 13:00:05,664 -    Position: (450, 346) to (493, 360)
2025-08-09 13:00:05,664 -    Size: 43x14 pixels
2025-08-09 13:00:05,664 - ----------------------------------------
2025-08-09 13:00:05,664 - Element 82: '/'
2025-08-09 13:00:05,664 -    Position: (494, 347) to (501, 359)
2025-08-09 13:00:05,664 -    Size: 7x12 pixels
2025-08-09 13:00:05,665 - ----------------------------------------
2025-08-09 13:00:05,665 - Element 83: 'RT'
2025-08-09 13:00:05,665 -    Position: (501, 347) to (514, 360)
2025-08-09 13:00:05,665 -    Size: 13x13 pixels
2025-08-09 13:00:05,665 - ----------------------------------------
2025-08-09 13:00:05,665 - Element 84: '#'
2025-08-09 13:00:05,665 -    Position: (518, 348) to (526, 360)
2025-08-09 13:00:05,665 -    Size: 8x12 pixels
2025-08-09 13:00:05,665 - ----------------------------------------
2025-08-09 13:00:05,665 - Element 85: 'STOP'
2025-08-09 13:00:05,665 -    Position: (562, 348) to (596, 360)
2025-08-09 13:00:05,665 -    Size: 34x12 pixels
2025-08-09 13:00:05,665 - ----------------------------------------
2025-08-09 13:00:05,665 - Element 86: '#'
2025-08-09 13:00:05,665 -    Position: (599, 347) to (607, 359)
2025-08-09 13:00:05,665 -    Size: 8x12 pixels
2025-08-09 13:00:05,665 - ----------------------------------------
2025-08-09 13:00:05,665 - Element 87: 'SHIPPED'
2025-08-09 13:00:05,665 -    Position: (659, 349) to (710, 360)
2025-08-09 13:00:05,665 -    Size: 51x11 pixels
2025-08-09 13:00:05,665 - ----------------------------------------
2025-08-09 13:00:05,665 - Element 88: 'VIA'
2025-08-09 13:00:05,665 -    Position: (714, 349) to (737, 360)
2025-08-09 13:00:05,665 -    Size: 23x11 pixels
2025-08-09 13:00:05,665 - ----------------------------------------
2025-08-09 13:00:05,666 - Element 89: 'TERMS'
2025-08-09 13:00:05,666 -    Position: (932, 353) to (973, 364)
2025-08-09 13:00:05,666 -    Size: 41x11 pixels
2025-08-09 13:00:05,666 - ----------------------------------------
2025-08-09 13:00:05,666 - Element 90: 'LEFKES'
2025-08-09 13:00:05,666 -    Position: ( 25, 382) to (108, 398)
2025-08-09 13:00:05,666 -    Size: 83x16 pixels
2025-08-09 13:00:05,666 - ----------------------------------------
2025-08-09 13:00:05,666 - Element 91: 'ITEM'
2025-08-09 13:00:05,666 -    Position: ( 26, 408) to ( 55, 419)
2025-08-09 13:00:05,666 -    Size: 29x11 pixels
2025-08-09 13:00:05,666 - ----------------------------------------
2025-08-09 13:00:05,666 - Element 92: 'NO'
2025-08-09 13:00:05,666 -    Position: ( 61, 408) to ( 84, 419)
2025-08-09 13:00:05,666 -    Size: 23x11 pixels
2025-08-09 13:00:05,666 - ----------------------------------------
2025-08-09 13:00:05,666 - Element 93: '.'
2025-08-09 13:00:05,666 -    Position: ( 82, 408) to ( 87, 419)
2025-08-09 13:00:05,666 -    Size: 5x11 pixels
2025-08-09 13:00:05,666 - ----------------------------------------
2025-08-09 13:00:05,666 - Element 94: '01'
2025-08-09 13:00:05,666 -    Position: (398, 387) to (422, 401)
2025-08-09 13:00:05,666 -    Size: 24x14 pixels
2025-08-09 13:00:05,666 - ----------------------------------------
2025-08-09 13:00:05,667 - Element 95: '4'
2025-08-09 13:00:05,667 -    Position: (526, 390) to (537, 402)
2025-08-09 13:00:05,667 -    Size: 11x12 pixels
2025-08-09 13:00:05,667 - ----------------------------------------
2025-08-09 13:00:05,667 - Element 96: '100'
2025-08-09 13:00:05,667 -    Position: (600, 389) to (638, 403)
2025-08-09 13:00:05,667 -    Size: 38x14 pixels
2025-08-09 13:00:05,667 - ----------------------------------------
2025-08-09 13:00:05,667 - Element 97: 'OUR'
2025-08-09 13:00:05,667 -    Position: (713, 391) to (755, 406)
2025-08-09 13:00:05,667 -    Size: 42x15 pixels
2025-08-09 13:00:05,667 - ----------------------------------------
2025-08-09 13:00:05,667 - Element 98: 'VAN'
2025-08-09 13:00:05,667 -    Position: (770, 391) to (814, 406)
2025-08-09 13:00:05,667 -    Size: 44x15 pixels
2025-08-09 13:00:05,667 - ----------------------------------------
2025-08-09 13:00:05,667 - Element 99: 'QUANTITY'
2025-08-09 13:00:05,667 -    Position: (120, 403) to (158, 414)
2025-08-09 13:00:05,667 -    Size: 38x11 pixels
2025-08-09 13:00:05,667 - ----------------------------------------
2025-08-09 13:00:05,667 - Element 100: 'QUANTITY'
2025-08-09 13:00:05,667 -    Position: (186, 403) to (244, 414)
2025-08-09 13:00:05,667 -    Size: 58x11 pixels
2025-08-09 13:00:05,667 - ----------------------------------------
2025-08-09 13:00:05,668 - Element 101: 'ORDERED'
2025-08-09 13:00:05,668 -    Position: (121, 416) to (158, 426)
2025-08-09 13:00:05,668 -    Size: 37x10 pixels
2025-08-09 13:00:05,668 - ----------------------------------------
2025-08-09 13:00:05,668 - Element 102: 'SHIPPED'
2025-08-09 13:00:05,668 -    Position: (192, 416) to (236, 426)
2025-08-09 13:00:05,668 -    Size: 44x10 pixels
2025-08-09 13:00:05,668 - ----------------------------------------
2025-08-09 13:00:05,668 - Element 103: 'UNIT'
2025-08-09 13:00:05,668 -    Position: (272, 405) to (290, 414)
2025-08-09 13:00:05,668 -    Size: 18x9 pixels
2025-08-09 13:00:05,668 - ----------------------------------------
2025-08-09 13:00:05,668 - Element 104: 'OF'
2025-08-09 13:00:05,668 -    Position: (292, 405) to (302, 414)
2025-08-09 13:00:05,668 -    Size: 10x9 pixels
2025-08-09 13:00:05,668 - ----------------------------------------
2025-08-09 13:00:05,668 - Element 105: 'MEASURE'
2025-08-09 13:00:05,668 -    Position: (270, 418) to (304, 427)
2025-08-09 13:00:05,668 -    Size: 34x9 pixels
2025-08-09 13:00:05,668 - ----------------------------------------
2025-08-09 13:00:05,668 - Element 106: 'DESCRIPTION'
2025-08-09 13:00:05,668 -    Position: (529, 413) to (613, 425)
2025-08-09 13:00:05,668 -    Size: 84x12 pixels
2025-08-09 13:00:05,668 - ----------------------------------------
2025-08-09 13:00:05,669 - Element 107: 'CASE'
2025-08-09 13:00:05,669 -    Position: (872, 418) to (906, 429)
2025-08-09 13:00:05,669 -    Size: 34x11 pixels
2025-08-09 13:00:05,669 - ----------------------------------------
2025-08-09 13:00:05,669 - Element 108: 'PACK'
2025-08-09 13:00:05,669 -    Position: (909, 418) to (944, 429)
2025-08-09 13:00:05,669 -    Size: 35x11 pixels
2025-08-09 13:00:05,669 - ----------------------------------------
2025-08-09 13:00:05,669 - Element 109: 'NET'
2025-08-09 13:00:05,669 -    Position: (1001, 395) to (1044, 409)
2025-08-09 13:00:05,669 -    Size: 43x14 pixels
2025-08-09 13:00:05,669 - ----------------------------------------
2025-08-09 13:00:05,669 - Element 110: '7'
2025-08-09 13:00:05,669 -    Position: (1061, 395) to (1072, 409)
2025-08-09 13:00:05,669 -    Size: 11x14 pixels
2025-08-09 13:00:05,669 - ----------------------------------------
2025-08-09 13:00:05,669 - Element 111: 'UNIT'
2025-08-09 13:00:05,669 -    Position: (975, 419) to (1005, 431)
2025-08-09 13:00:05,669 -    Size: 30x12 pixels
2025-08-09 13:00:05,669 - ----------------------------------------
2025-08-09 13:00:05,669 - Element 112: 'PRICE'
2025-08-09 13:00:05,669 -    Position: (1009, 419) to (1045, 431)
2025-08-09 13:00:05,669 -    Size: 36x12 pixels
2025-08-09 13:00:05,669 - ----------------------------------------
2025-08-09 13:00:05,669 - Element 113: '-'
2025-08-09 13:00:05,670 -    Position: (1090, 397) to (1101, 411)
2025-08-09 13:00:05,670 -    Size: 11x14 pixels
2025-08-09 13:00:05,670 - ----------------------------------------
2025-08-09 13:00:05,670 - Element 114: 'WEEKL'
2025-08-09 13:00:05,670 -    Position: (1115, 396) to (1186, 412)
2025-08-09 13:00:05,670 -    Size: 71x16 pixels
2025-08-09 13:00:05,670 - ----------------------------------------
2025-08-09 13:00:05,670 - Element 115: 'EXTENSION'
2025-08-09 13:00:05,670 -    Position: (1082, 420) to (1156, 431)
2025-08-09 13:00:05,670 -    Size: 74x11 pixels
2025-08-09 13:00:05,670 - ----------------------------------------
2025-08-09 13:00:05,670 - Element 116: 'P1PAPP'
2025-08-09 13:00:05,670 -    Position: ( 24, 452) to (107, 467)
2025-08-09 13:00:05,670 -    Size: 83x15 pixels
2025-08-09 13:00:05,670 - ----------------------------------------
2025-08-09 13:00:05,670 - Element 117: '2'
2025-08-09 13:00:05,670 -    Position: (153, 455) to (163, 467)
2025-08-09 13:00:05,670 -    Size: 10x12 pixels
2025-08-09 13:00:05,670 - ----------------------------------------
2025-08-09 13:00:05,670 - Element 118: '2'
2025-08-09 13:00:05,670 -    Position: (210, 455) to (222, 467)
2025-08-09 13:00:05,670 -    Size: 12x12 pixels
2025-08-09 13:00:05,671 - ----------------------------------------
2025-08-09 13:00:05,671 - Element 119: 'CS'
2025-08-09 13:00:05,671 -    Position: (281, 454) to (309, 470)
2025-08-09 13:00:05,671 -    Size: 28x16 pixels
2025-08-09 13:00:05,671 - ----------------------------------------
2025-08-09 13:00:05,671 - Element 120: 'WHITE'
2025-08-09 13:00:05,671 -    Position: (323, 454) to (394, 471)
2025-08-09 13:00:05,671 -    Size: 71x17 pixels
2025-08-09 13:00:05,671 - ----------------------------------------
2025-08-09 13:00:05,671 - Element 121: 'PAPPARDELLE'
2025-08-09 13:00:05,671 -    Position: (412, 455) to (569, 473)
2025-08-09 13:00:05,671 -    Size: 157x18 pixels
2025-08-09 13:00:05,671 - ----------------------------------------
2025-08-09 13:00:05,671 - Element 122: 'IN'
2025-08-09 13:00:05,671 -    Position: (585, 457) to (611, 473)
2025-08-09 13:00:05,671 -    Size: 26x16 pixels
2025-08-09 13:00:05,671 - ----------------------------------------
2025-08-09 13:00:05,671 - Element 123: 'VAC'
2025-08-09 13:00:05,671 -    Position: (626, 458) to (669, 475)
2025-08-09 13:00:05,671 -    Size: 43x17 pixels
2025-08-09 13:00:05,671 - ----------------------------------------
2025-08-09 13:00:05,671 - Element 124: '-'
2025-08-09 13:00:05,671 -    Position: (671, 458) to (680, 474)
2025-08-09 13:00:05,672 -    Size: 9x16 pixels
2025-08-09 13:00:05,672 - ----------------------------------------
2025-08-09 13:00:05,672 - Element 125: 'PACK'
2025-08-09 13:00:05,672 -    Position: (685, 458) to (741, 476)
2025-08-09 13:00:05,672 -    Size: 56x18 pixels
2025-08-09 13:00:05,672 - ----------------------------------------
2025-08-09 13:00:05,672 - Element 126: 'TRAY'
2025-08-09 13:00:05,672 -    Position: (757, 459) to (813, 477)
2025-08-09 13:00:05,672 -    Size: 56x18 pixels
2025-08-09 13:00:05,672 - ----------------------------------------
2025-08-09 13:00:05,672 - Element 127: '6LB'
2025-08-09 13:00:05,672 -    Position: (888, 461) to (927, 477)
2025-08-09 13:00:05,672 -    Size: 39x16 pixels
2025-08-09 13:00:05,672 - ----------------------------------------
2025-08-09 13:00:05,672 - Element 128: '23.88'
2025-08-09 13:00:05,672 -    Position: (987, 464) to (1055, 479)
2025-08-09 13:00:05,672 -    Size: 68x15 pixels
2025-08-09 13:00:05,672 - ----------------------------------------
2025-08-09 13:00:05,672 - Element 129: '47.76'
2025-08-09 13:00:05,672 -    Position: (1101, 465) to (1171, 480)
2025-08-09 13:00:05,672 -    Size: 70x15 pixels
2025-08-09 13:00:05,672 - ----------------------------------------
2025-08-09 13:00:05,672 - Element 130: '24'
2025-08-09 13:00:05,672 -    Position: ( 25, 499) to ( 47, 513)
2025-08-09 13:00:05,673 -    Size: 22x14 pixels
2025-08-09 13:00:05,673 - ----------------------------------------
2025-08-09 13:00:05,673 - Element 131: 'LOBS'
2025-08-09 13:00:05,673 -    Position: ( 52, 499) to (105, 514)
2025-08-09 13:00:05,673 -    Size: 53x15 pixels
2025-08-09 13:00:05,673 - ----------------------------------------
2025-08-09 13:00:05,673 - Element 132: '2'
2025-08-09 13:00:05,673 -    Position: (152, 501) to (163, 513)
2025-08-09 13:00:05,673 -    Size: 11x12 pixels
2025-08-09 13:00:05,673 - ----------------------------------------
2025-08-09 13:00:05,673 - Element 133: '2'
2025-08-09 13:00:05,673 -    Position: (209, 502) to (220, 514)
2025-08-09 13:00:05,673 -    Size: 11x12 pixels
2025-08-09 13:00:05,673 - ----------------------------------------
2025-08-09 13:00:05,673 - Element 134: 'CS'
2025-08-09 13:00:05,673 -    Position: (281, 501) to (309, 517)
2025-08-09 13:00:05,673 -    Size: 28x16 pixels
2025-08-09 13:00:05,673 - ----------------------------------------
2025-08-09 13:00:05,673 - Element 135: 'ROUND'
2025-08-09 13:00:05,673 -    Position: (324, 501) to (394, 518)
2025-08-09 13:00:05,673 -    Size: 70x17 pixels
2025-08-09 13:00:05,673 - ----------------------------------------
2025-08-09 13:00:05,673 - Element 136: 'JUMBO'
2025-08-09 13:00:05,674 -    Position: (409, 502) to (481, 519)
2025-08-09 13:00:05,674 -    Size: 72x17 pixels
2025-08-09 13:00:05,674 - ----------------------------------------
2025-08-09 13:00:05,674 - Element 137: 'LOBSTER'
2025-08-09 13:00:05,674 -    Position: (497, 503) to (596, 520)
2025-08-09 13:00:05,674 -    Size: 99x17 pixels
2025-08-09 13:00:05,674 - ----------------------------------------
2025-08-09 13:00:05,674 - Element 138: 'RAV'
2025-08-09 13:00:05,674 -    Position: (611, 504) to (654, 520)
2025-08-09 13:00:05,674 -    Size: 43x16 pixels
2025-08-09 13:00:05,674 - ----------------------------------------
2025-08-09 13:00:05,674 - Element 139: '.'
2025-08-09 13:00:05,674 -    Position: (657, 505) to (665, 521)
2025-08-09 13:00:05,674 -    Size: 8x16 pixels
2025-08-09 13:00:05,674 - ----------------------------------------
2025-08-09 13:00:05,674 - Element 140: '10'
2025-08-09 13:00:05,674 -    Position: (670, 505) to (696, 521)
2025-08-09 13:00:05,674 -    Size: 26x16 pixels
2025-08-09 13:00:05,674 - ----------------------------------------
2025-08-09 13:00:05,674 - Element 141: '/'
2025-08-09 13:00:05,674 -    Position: (698, 505) to (709, 521)
2025-08-09 13:00:05,674 -    Size: 11x16 pixels
2025-08-09 13:00:05,674 - ----------------------------------------
2025-08-09 13:00:05,674 - Element 142: '12'
2025-08-09 13:00:05,675 -    Position: (713, 505) to (738, 521)
2025-08-09 13:00:05,675 -    Size: 25x16 pixels
2025-08-09 13:00:05,675 - ----------------------------------------
2025-08-09 13:00:05,675 - Element 143: '-'
2025-08-09 13:00:05,675 -    Position: (743, 506) to (754, 522)
2025-08-09 13:00:05,675 -    Size: 11x16 pixels
2025-08-09 13:00:05,675 - ----------------------------------------
2025-08-09 13:00:05,675 - Element 144: 'COUNT'
2025-08-09 13:00:05,675 -    Position: (756, 505) to (828, 523)
2025-08-09 13:00:05,675 -    Size: 72x18 pixels
2025-08-09 13:00:05,675 - ----------------------------------------
2025-08-09 13:00:05,675 - Element 145: '***'
2025-08-09 13:00:05,675 -    Position: (439, 548) to (476, 562)
2025-08-09 13:00:05,675 -    Size: 37x14 pixels
2025-08-09 13:00:05,675 - ----------------------------------------
2025-08-09 13:00:05,675 - Element 146: 'BALANCES'
2025-08-09 13:00:05,675 -    Position: (496, 548) to (608, 564)
2025-08-09 13:00:05,675 -    Size: 112x16 pixels
2025-08-09 13:00:05,675 - ----------------------------------------
2025-08-09 13:00:05,675 - Element 147: 'DUE'
2025-08-09 13:00:05,675 -    Position: (624, 550) to (668, 565)
2025-08-09 13:00:05,675 -    Size: 44x15 pixels
2025-08-09 13:00:05,675 - ----------------------------------------
2025-08-09 13:00:05,675 - Element 148: '***'
2025-08-09 13:00:05,676 -    Position: (683, 551) to (722, 566)
2025-08-09 13:00:05,676 -    Size: 39x15 pixels
2025-08-09 13:00:05,676 - ----------------------------------------
2025-08-09 13:00:05,676 - Element 149: '99.40'
2025-08-09 13:00:05,676 -    Position: (987, 510) to (1056, 524)
2025-08-09 13:00:05,676 -    Size: 69x14 pixels
2025-08-09 13:00:05,676 - ----------------------------------------
2025-08-09 13:00:05,676 - Element 150: '198.80'
2025-08-09 13:00:05,676 -    Position: (1088, 510) to (1170, 524)
2025-08-09 13:00:05,676 -    Size: 82x14 pixels
2025-08-09 13:00:05,676 - ----------------------------------------
2025-08-09 13:00:05,676 - Element 151: 'GROSS'
2025-08-09 13:00:05,676 -    Position: (  5, 1436) to ( 52, 1449)
2025-08-09 13:00:05,676 -    Size: 47x13 pixels
2025-08-09 13:00:05,676 - ----------------------------------------
2025-08-09 13:00:05,676 - Element 152: 'WT'
2025-08-09 13:00:05,676 -    Position: ( 56, 1437) to ( 77, 1449)
2025-08-09 13:00:05,676 -    Size: 21x12 pixels
2025-08-09 13:00:05,676 - ----------------------------------------
2025-08-09 13:00:05,676 - Element 153: 'TOTAL'
2025-08-09 13:00:05,676 -    Position: (132, 1437) to (172, 1450)
2025-08-09 13:00:05,676 -    Size: 40x13 pixels
2025-08-09 13:00:05,676 - ----------------------------------------
2025-08-09 13:00:05,676 - Element 154: 'NO'
2025-08-09 13:00:05,676 -    Position: (176, 1437) to (199, 1449)
2025-08-09 13:00:05,677 -    Size: 23x12 pixels
2025-08-09 13:00:05,677 - ----------------------------------------
2025-08-09 13:00:05,677 - Element 155: '.'
2025-08-09 13:00:05,677 -    Position: (196, 1437) to (202, 1449)
2025-08-09 13:00:05,677 -    Size: 6x12 pixels
2025-08-09 13:00:05,677 - ----------------------------------------
2025-08-09 13:00:05,677 - Element 156: 'OF'
2025-08-09 13:00:05,677 -    Position: (207, 1437) to (226, 1449)
2025-08-09 13:00:05,677 -    Size: 19x12 pixels
2025-08-09 13:00:05,677 - ----------------------------------------
2025-08-09 13:00:05,677 - Element 157: 'PIECES'
2025-08-09 13:00:05,677 -    Position: (159, 1455) to (201, 1466)
2025-08-09 13:00:05,677 -    Size: 42x11 pixels
2025-08-09 13:00:05,677 - ----------------------------------------
2025-08-09 13:00:05,677 - Element 158: '4'
2025-08-09 13:00:05,677 -    Position: (189, 1498) to (200, 1510)
2025-08-09 13:00:05,677 -    Size: 11x12 pixels
2025-08-09 13:00:05,677 - ----------------------------------------
2025-08-09 13:00:05,677 - Element 159: '04/04'
2025-08-09 13:00:05,677 -    Position: (468, 570) to (537, 586)
2025-08-09 13:00:05,677 -    Size: 69x16 pixels
2025-08-09 13:00:05,677 - ----------------------------------------
2025-08-09 13:00:05,677 - Element 160: '330.13'
2025-08-09 13:00:05,677 -    Position: (611, 572) to (694, 587)
2025-08-09 13:00:05,678 -    Size: 83x15 pixels
2025-08-09 13:00:05,678 - ----------------------------------------
2025-08-09 13:00:05,678 - Element 161: '04/25'
2025-08-09 13:00:05,678 -    Position: (468, 592) to (536, 609)
2025-08-09 13:00:05,678 -    Size: 68x17 pixels
2025-08-09 13:00:05,678 - ----------------------------------------
2025-08-09 13:00:05,678 - Element 162: '379.02'
2025-08-09 13:00:05,678 -    Position: (611, 595) to (695, 609)
2025-08-09 13:00:05,678 -    Size: 84x14 pixels
2025-08-09 13:00:05,678 - ----------------------------------------
2025-08-09 13:00:05,678 - Element 163: '05/09'
2025-08-09 13:00:05,678 -    Position: (466, 615) to (537, 632)
2025-08-09 13:00:05,678 -    Size: 71x17 pixels
2025-08-09 13:00:05,678 - ----------------------------------------
2025-08-09 13:00:05,678 - Element 164: '438.57'
2025-08-09 13:00:05,678 -    Position: (609, 618) to (694, 633)
2025-08-09 13:00:05,678 -    Size: 85x15 pixels
2025-08-09 13:00:05,678 - ----------------------------------------
2025-08-09 13:00:05,678 - Element 165: '05/17'
2025-08-09 13:00:05,678 -    Position: (467, 637) to (535, 653)
2025-08-09 13:00:05,678 -    Size: 68x16 pixels
2025-08-09 13:00:05,678 - ----------------------------------------
2025-08-09 13:00:05,678 - Element 166: '246.56'
2025-08-09 13:00:05,678 -    Position: (610, 641) to (693, 654)
2025-08-09 13:00:05,678 -    Size: 83x13 pixels
2025-08-09 13:00:05,679 - ----------------------------------------
2025-08-09 13:00:05,679 - Element 167: '05/28'
2025-08-09 13:00:05,679 -    Position: (467, 660) to (535, 677)
2025-08-09 13:00:05,679 -    Size: 68x17 pixels
2025-08-09 13:00:05,679 - ----------------------------------------
2025-08-09 13:00:05,679 - Element 168: '335.56'
2025-08-09 13:00:05,679 -    Position: (611, 663) to (694, 677)
2025-08-09 13:00:05,679 -    Size: 83x14 pixels
2025-08-09 13:00:05,679 - ----------------------------------------
2025-08-09 13:00:05,679 - Element 169: 'Total'
2025-08-09 13:00:05,679 -    Position: (696, 686) to (826, 704)
2025-08-09 13:00:05,679 -    Size: 130x18 pixels
2025-08-09 13:00:05,679 - ----------------------------------------
2025-08-09 13:00:05,679 - Element 170: ':'
2025-08-09 13:00:05,679 -    Position: (844, 688) to (853, 703)
2025-08-09 13:00:05,679 -    Size: 9x15 pixels
2025-08-09 13:00:05,679 - ----------------------------------------
2025-08-09 13:00:05,679 - Element 171: '$'
2025-08-09 13:00:05,679 -    Position: (928, 690) to (939, 706)
2025-08-09 13:00:05,679 -    Size: 11x16 pixels
2025-08-09 13:00:05,679 - ----------------------------------------
2025-08-09 13:00:05,679 - Element 172: '1729.84'
2025-08-09 13:00:05,679 -    Position: (943, 690) to (1039, 706)
2025-08-09 13:00:05,679 -    Size: 96x16 pixels
2025-08-09 13:00:05,680 - ----------------------------------------
2025-08-09 13:00:05,680 - Element 173: 'RECEIVED'
2025-08-09 13:00:05,680 -    Position: (276, 1439) to (337, 1450)
2025-08-09 13:00:05,680 -    Size: 61x11 pixels
2025-08-09 13:00:05,680 - ----------------------------------------
2025-08-09 13:00:05,680 - Element 174: 'IN'
2025-08-09 13:00:05,680 -    Position: (341, 1439) to (355, 1450)
2025-08-09 13:00:05,680 -    Size: 14x11 pixels
2025-08-09 13:00:05,680 - ----------------------------------------
2025-08-09 13:00:05,680 - Element 175: 'GOOD'
2025-08-09 13:00:05,680 -    Position: (361, 1439) to (406, 1450)
2025-08-09 13:00:05,680 -    Size: 45x11 pixels
2025-08-09 13:00:05,680 - ----------------------------------------
2025-08-09 13:00:05,680 - Element 176: 'ORDER'
2025-08-09 13:00:05,680 -    Position: (410, 1439) to (455, 1450)
2025-08-09 13:00:05,680 -    Size: 45x11 pixels
2025-08-09 13:00:05,680 - ----------------------------------------
2025-08-09 13:00:05,680 - Element 177: 'BY'
2025-08-09 13:00:05,680 -    Position: (459, 1439) to (475, 1450)
2025-08-09 13:00:05,680 -    Size: 16x11 pixels
2025-08-09 13:00:05,680 - ----------------------------------------
2025-08-09 13:00:05,680 - Element 178: ':'
2025-08-09 13:00:05,680 -    Position: (472, 1439) to (478, 1450)
2025-08-09 13:00:05,680 -    Size: 6x11 pixels
2025-08-09 13:00:05,680 - ----------------------------------------
2025-08-09 13:00:05,681 - Element 179: 'SHIPPING'
2025-08-09 13:00:05,681 -    Position: (854, 1440) to (916, 1452)
2025-08-09 13:00:05,681 -    Size: 62x12 pixels
2025-08-09 13:00:05,681 - ----------------------------------------
2025-08-09 13:00:05,681 - Element 180: '1.80'
2025-08-09 13:00:05,681 -    Position: (910, 1498) to (963, 1512)
2025-08-09 13:00:05,681 -    Size: 53x14 pixels
2025-08-09 13:00:05,681 - ----------------------------------------
2025-08-09 13:00:05,681 - Element 181: 'TODAY'S'
2025-08-09 13:00:05,681 -    Position: (990, 1441) to (1046, 1453)
2025-08-09 13:00:05,681 -    Size: 56x12 pixels
2025-08-09 13:00:05,681 - ----------------------------------------
2025-08-09 13:00:05,681 - Element 182: 'INVOICE'
2025-08-09 13:00:05,681 -    Position: (1051, 1441) to (1107, 1453)
2025-08-09 13:00:05,681 -    Size: 56x12 pixels
2025-08-09 13:00:05,681 - ----------------------------------------
2025-08-09 13:00:05,681 - Element 183: 'TOTAL'
2025-08-09 13:00:05,681 -    Position: (1111, 1441) to (1152, 1453)
2025-08-09 13:00:05,681 -    Size: 41x12 pixels
2025-08-09 13:00:05,681 - ----------------------------------------
2025-08-09 13:00:05,681 - Element 184: '248.36'
2025-08-09 13:00:05,681 -    Position: (1054, 1500) to (1137, 1513)
2025-08-09 13:00:05,681 -    Size: 83x13 pixels
2025-08-09 13:00:05,681 - ----------------------------------------
2025-08-09 13:00:05,681 - ================================================================================
2025-08-09 13:00:05,746 - 
Searching for text near 'INVOICE NO' in 'below' position:
2025-08-09 13:00:05,747 - Complete keyphrase 'INVOICE NO' not found within threshold.
2025-08-09 13:00:05,747 - 
Searching for text near 'ACCOUNT NO' in 'below' position:
2025-08-09 13:00:05,748 - Keyphrase 'ACCOUNT NO' bounding box:
2025-08-09 13:00:05,748 -   Top-left: (6, 341)
2025-08-09 13:00:05,748 -   Bottom-right: (102, 356)
2025-08-09 13:00:05,765 - No valid matching text found near 'ACCOUNT NO'
2025-08-09 13:00:05,765 - 
Searching for text near 'INVOICE DATE' in 'below' position:
2025-08-09 13:00:05,766 - Complete keyphrase 'INVOICE DATE' not found within threshold.
2025-08-09 13:00:05,766 - 
Searching for text near 'INVOICE NO' in 'below' position:
2025-08-09 13:00:05,766 - Keyphrase 'INVOICE NO' bounding box:
2025-08-09 13:00:05,766 -   Top-left: (1000, 87)
2025-08-09 13:00:05,766 -   Bottom-right: (1130, 105)
2025-08-09 13:00:05,784 - No valid matching text found near 'INVOICE NO'
2025-08-09 13:00:05,784 - 
Searching for text near 'ACCOUNT NO' in 'below' position:
2025-08-09 13:00:05,784 - Keyphrase 'ACCOUNT NO' bounding box:
2025-08-09 13:00:05,784 -   Top-left: (6, 341)
2025-08-09 13:00:05,784 -   Bottom-right: (102, 356)
2025-08-09 13:00:05,802 - No valid matching text found near 'ACCOUNT NO'
2025-08-09 13:00:05,802 - 
Searching for text near 'INVOICE DATE' in 'below' position:
2025-08-09 13:00:05,802 - Keyphrase 'INVOICE DATE' bounding box:
2025-08-09 13:00:05,802 -   Top-left: (995, 166)
2025-08-09 13:00:05,802 -   Bottom-right: (1140, 182)
2025-08-09 13:00:05,820 - No valid matching text found near 'INVOICE DATE'
2025-08-09 13:00:05,820 - 
Searching for text near 'INVOICE NO' in 'below' position:
2025-08-09 13:00:05,820 - Keyphrase 'INVOICE NO' bounding box:
2025-08-09 13:00:05,820 -   Top-left: (1000, 87)
2025-08-09 13:00:05,820 -   Bottom-right: (1130, 105)
2025-08-09 13:00:05,837 - No valid matching text found near 'INVOICE NO'
2025-08-09 13:00:05,837 - 
Searching for text near 'ACCOUNT NO' in 'below' position:
2025-08-09 13:00:05,838 - Keyphrase 'ACCOUNT NO' bounding box:
2025-08-09 13:00:05,838 -   Top-left: (6, 341)
2025-08-09 13:00:05,838 -   Bottom-right: (102, 356)
2025-08-09 13:00:05,855 - No valid matching text found near 'ACCOUNT NO'
2025-08-09 13:00:05,856 - 
Searching for text near 'INVOICE DATE' in 'below' position:
2025-08-09 13:00:05,856 - Keyphrase 'INVOICE DATE' bounding box:
2025-08-09 13:00:05,856 -   Top-left: (995, 166)
2025-08-09 13:00:05,856 -   Bottom-right: (1140, 182)
2025-08-09 13:00:05,874 - No valid matching text found near 'INVOICE DATE'
2025-08-09 13:00:05,874 - 
Searching for text near 'INVOICE NO' in 'below' position:
2025-08-09 13:00:05,874 - Keyphrase 'INVOICE NO' bounding box:
2025-08-09 13:00:05,875 -   Top-left: (1000, 87)
2025-08-09 13:00:05,875 -   Bottom-right: (1130, 105)
2025-08-09 13:00:05,892 - No valid matching text found near 'INVOICE NO'
2025-08-09 13:00:05,892 - 
Searching for text near 'ACCOUNT NO' in 'below' position:
2025-08-09 13:00:05,892 - Keyphrase 'ACCOUNT NO' bounding box:
2025-08-09 13:00:05,892 -   Top-left: (6, 341)
2025-08-09 13:00:05,892 -   Bottom-right: (102, 356)
2025-08-09 13:00:05,910 - No valid matching text found near 'ACCOUNT NO'
2025-08-09 13:00:05,910 - 
Searching for text near 'INVOICE DATE' in 'below' position:
2025-08-09 13:00:05,910 - Keyphrase 'INVOICE DATE' bounding box:
2025-08-09 13:00:05,910 -   Top-left: (995, 166)
2025-08-09 13:00:05,910 -   Bottom-right: (1140, 182)
2025-08-09 13:00:05,928 - No valid matching text found near 'INVOICE DATE'
2025-08-09 13:00:05,928 - 
Searching for text near 'INVOICE NO' in 'below' position:
2025-08-09 13:00:05,928 - Keyphrase 'INVOICE NO' bounding box:
2025-08-09 13:00:05,928 -   Top-left: (1000, 87)
2025-08-09 13:00:05,928 -   Bottom-right: (1130, 105)
2025-08-09 13:00:05,946 - No valid matching text found near 'INVOICE NO'
2025-08-09 13:00:05,946 - 
Searching for text near 'ACCOUNT NO' in 'below' position:
2025-08-09 13:00:05,946 - Keyphrase 'ACCOUNT NO' bounding box:
2025-08-09 13:00:05,946 -   Top-left: (6, 341)
2025-08-09 13:00:05,946 -   Bottom-right: (102, 356)
2025-08-09 13:00:05,966 - No valid matching text found near 'ACCOUNT NO'
2025-08-09 13:00:05,966 - 
Searching for text near 'INVOICE DATE' in 'below' position:
2025-08-09 13:00:05,967 - Keyphrase 'INVOICE DATE' bounding box:
2025-08-09 13:00:05,967 -   Top-left: (995, 166)
2025-08-09 13:00:05,967 -   Bottom-right: (1140, 182)
2025-08-09 13:00:05,984 - No valid matching text found near 'INVOICE DATE'
2025-08-09 13:00:05,984 - 
Searching for text near 'INVOICE NO' in 'below' position:
2025-08-09 13:00:05,985 - Keyphrase 'INVOICE NO' bounding box:
2025-08-09 13:00:05,985 -   Top-left: (1000, 87)
2025-08-09 13:00:05,985 -   Bottom-right: (1130, 105)
2025-08-09 13:00:06,002 - No valid matching text found near 'INVOICE NO'
2025-08-09 13:00:06,002 - 
Searching for text near 'ACCOUNT NO' in 'below' position:
2025-08-09 13:00:06,003 - Keyphrase 'ACCOUNT NO' bounding box:
2025-08-09 13:00:06,003 -   Top-left: (6, 341)
2025-08-09 13:00:06,003 -   Bottom-right: (102, 356)
2025-08-09 13:00:06,020 - 
MATCH FOUND: 'LEFKES'
2025-08-09 13:00:06,020 - Match bounding box:
2025-08-09 13:00:06,020 -   Top-left: (25, 382)
2025-08-09 13:00:06,020 -   Bottom-right: (108, 398)
2025-08-09 13:00:06,020 - 
Searching for text near 'INVOICE DATE' in 'below' position:
2025-08-09 13:00:06,021 - Keyphrase 'INVOICE DATE' bounding box:
2025-08-09 13:00:06,021 -   Top-left: (995, 166)
2025-08-09 13:00:06,021 -   Bottom-right: (1140, 182)
2025-08-09 13:00:06,038 - 
MATCH FOUND: '06/07/25'
2025-08-09 13:00:06,038 - Match bounding box:
2025-08-09 13:00:06,038 -   Top-left: (1033, 208)
2025-08-09 13:00:06,038 -   Bottom-right: (1145, 228)
2025-08-09 13:00:06,038 - 
Searching for text near 'INVOICE NO' in 'below' position:
2025-08-09 13:00:06,039 - Keyphrase 'INVOICE NO' bounding box:
2025-08-09 13:00:06,039 -   Top-left: (1000, 87)
2025-08-09 13:00:06,039 -   Bottom-right: (1130, 105)
2025-08-09 13:00:06,056 - No valid matching text found near 'INVOICE NO'
2025-08-09 13:00:06,056 - 
Searching for text near 'INVOICE NO' in 'below' position:
2025-08-09 13:00:06,057 - Keyphrase 'INVOICE NO' bounding box:
2025-08-09 13:00:06,057 -   Top-left: (1000, 87)
2025-08-09 13:00:06,057 -   Bottom-right: (1130, 105)
2025-08-09 13:00:06,074 - 
MATCH FOUND: '439667'
2025-08-09 13:00:06,074 - Match bounding box:
2025-08-09 13:00:06,074 -   Top-left: (1031, 142)
2025-08-09 13:00:06,074 -   Bottom-right: (1116, 156)
2025-08-09 13:00:06,075 - DEBUG: Automatic detection successful
