2025-08-09 11:01:36,396 - DEBUG: Processing image: C:\Users\Raffetto\AppData\Local\Temp\temp_1754751696323_nwko8v.png
2025-08-09 11:01:36,799 - 
Searching for text near 'INVOICE NO' in 'below' position:
2025-08-09 11:01:36,800 - Complete keyphrase 'INVOICE NO' not found within threshold.
2025-08-09 11:01:36,800 - 
Searching for text near 'ACCOUNT NO' in 'below' position:
2025-08-09 11:01:36,800 - Keyphrase 'ACCOUNT NO' bounding box:
2025-08-09 11:01:36,800 -   Top-left: (7, 362)
2025-08-09 11:01:36,801 -   Bottom-right: (104, 375)
2025-08-09 11:01:36,815 - No valid matching text found near 'ACCOUNT NO'
2025-08-09 11:01:36,816 - 
Searching for text near 'INVOICE DATE' in 'below' position:
2025-08-09 11:01:36,816 - Complete keyphrase 'INVOICE DATE' not found within threshold.
2025-08-09 11:01:36,816 - 
Searching for text near 'INVOICE NO' in 'below' position:
2025-08-09 11:01:36,817 - Keyphrase 'INVOICE NO' bounding box:
2025-08-09 11:01:36,817 -   Top-left: (995, 81)
2025-08-09 11:01:36,817 -   Bottom-right: (1123, 99)
2025-08-09 11:01:36,831 - No valid matching text found near 'INVOICE NO'
2025-08-09 11:01:36,831 - 
Searching for text near 'ACCOUNT NO' in 'below' position:
2025-08-09 11:01:36,832 - Keyphrase 'ACCOUNT NO' bounding box:
2025-08-09 11:01:36,832 -   Top-left: (7, 362)
2025-08-09 11:01:36,832 -   Bottom-right: (104, 375)
2025-08-09 11:01:36,847 - No valid matching text found near 'ACCOUNT NO'
2025-08-09 11:01:36,847 - 
Searching for text near 'INVOICE DATE' in 'below' position:
2025-08-09 11:01:36,847 - Keyphrase 'INVOICE DATE' bounding box:
2025-08-09 11:01:36,847 -   Top-left: (992, 160)
2025-08-09 11:01:36,847 -   Bottom-right: (1136, 177)
2025-08-09 11:01:36,862 - No valid matching text found near 'INVOICE DATE'
2025-08-09 11:01:36,862 - 
Searching for text near 'INVOICE NO' in 'below' position:
2025-08-09 11:01:36,862 - Keyphrase 'INVOICE NO' bounding box:
2025-08-09 11:01:36,862 -   Top-left: (995, 81)
2025-08-09 11:01:36,862 -   Bottom-right: (1123, 99)
2025-08-09 11:01:36,877 - No valid matching text found near 'INVOICE NO'
2025-08-09 11:01:36,877 - 
Searching for text near 'ACCOUNT NO' in 'below' position:
2025-08-09 11:01:36,878 - Keyphrase 'ACCOUNT NO' bounding box:
2025-08-09 11:01:36,878 -   Top-left: (7, 362)
2025-08-09 11:01:36,878 -   Bottom-right: (104, 375)
2025-08-09 11:01:36,892 - No valid matching text found near 'ACCOUNT NO'
2025-08-09 11:01:36,892 - 
Searching for text near 'INVOICE DATE' in 'below' position:
2025-08-09 11:01:36,893 - Keyphrase 'INVOICE DATE' bounding box:
2025-08-09 11:01:36,893 -   Top-left: (992, 160)
2025-08-09 11:01:36,893 -   Bottom-right: (1136, 177)
2025-08-09 11:01:36,907 - No valid matching text found near 'INVOICE DATE'
2025-08-09 11:01:36,907 - 
Searching for text near 'INVOICE NO' in 'below' position:
2025-08-09 11:01:36,908 - Keyphrase 'INVOICE NO' bounding box:
2025-08-09 11:01:36,908 -   Top-left: (995, 81)
2025-08-09 11:01:36,908 -   Bottom-right: (1123, 99)
2025-08-09 11:01:36,922 - No valid matching text found near 'INVOICE NO'
2025-08-09 11:01:36,922 - 
Searching for text near 'ACCOUNT NO' in 'below' position:
2025-08-09 11:01:36,923 - Keyphrase 'ACCOUNT NO' bounding box:
2025-08-09 11:01:36,923 -   Top-left: (7, 362)
2025-08-09 11:01:36,923 -   Bottom-right: (104, 375)
2025-08-09 11:01:36,937 - No valid matching text found near 'ACCOUNT NO'
2025-08-09 11:01:36,937 - 
Searching for text near 'INVOICE DATE' in 'below' position:
2025-08-09 11:01:36,938 - Keyphrase 'INVOICE DATE' bounding box:
2025-08-09 11:01:36,938 -   Top-left: (992, 160)
2025-08-09 11:01:36,938 -   Bottom-right: (1136, 177)
2025-08-09 11:01:36,952 - No valid matching text found near 'INVOICE DATE'
2025-08-09 11:01:36,952 - 
Searching for text near 'INVOICE NO' in 'below' position:
2025-08-09 11:01:36,953 - Keyphrase 'INVOICE NO' bounding box:
2025-08-09 11:01:36,953 -   Top-left: (995, 81)
2025-08-09 11:01:36,953 -   Bottom-right: (1123, 99)
2025-08-09 11:01:36,967 - No valid matching text found near 'INVOICE NO'
2025-08-09 11:01:36,967 - 
Searching for text near 'ACCOUNT NO' in 'below' position:
2025-08-09 11:01:36,968 - Keyphrase 'ACCOUNT NO' bounding box:
2025-08-09 11:01:36,968 -   Top-left: (7, 362)
2025-08-09 11:01:36,968 -   Bottom-right: (104, 375)
2025-08-09 11:01:36,983 - No valid matching text found near 'ACCOUNT NO'
2025-08-09 11:01:36,983 - 
Searching for text near 'INVOICE DATE' in 'below' position:
2025-08-09 11:01:36,983 - Keyphrase 'INVOICE DATE' bounding box:
2025-08-09 11:01:36,983 -   Top-left: (992, 160)
2025-08-09 11:01:36,983 -   Bottom-right: (1136, 177)
2025-08-09 11:01:36,998 - 
MATCH FOUND: '01/02/25'
2025-08-09 11:01:36,998 - Match bounding box:
2025-08-09 11:01:36,998 -   Top-left: (1034, 201)
2025-08-09 11:01:36,998 -   Bottom-right: (1146, 219)
2025-08-09 11:01:36,998 - 
Searching for text near 'INVOICE NO' in 'below' position:
2025-08-09 11:01:36,999 - Keyphrase 'INVOICE NO' bounding box:
2025-08-09 11:01:36,999 -   Top-left: (995, 81)
2025-08-09 11:01:36,999 -   Bottom-right: (1123, 99)
2025-08-09 11:01:37,014 - No valid matching text found near 'INVOICE NO'
2025-08-09 11:01:37,015 - 
Searching for text near 'ACCOUNT NO' in 'below' position:
2025-08-09 11:01:37,015 - Keyphrase 'ACCOUNT NO' bounding box:
2025-08-09 11:01:37,015 -   Top-left: (7, 362)
2025-08-09 11:01:37,015 -   Bottom-right: (104, 375)
2025-08-09 11:01:37,031 - 
MATCH FOUND: 'CESARE'
2025-08-09 11:01:37,031 - Match bounding box:
2025-08-09 11:01:37,031 -   Top-left: (30, 404)
2025-08-09 11:01:37,031 -   Bottom-right: (114, 418)
2025-08-09 11:01:37,031 - 
Searching for text near 'INVOICE NO' in 'below' position:
2025-08-09 11:01:37,032 - Keyphrase 'INVOICE NO' bounding box:
2025-08-09 11:01:37,032 -   Top-left: (995, 81)
2025-08-09 11:01:37,032 -   Bottom-right: (1123, 99)
2025-08-09 11:01:37,047 - 
MATCH FOUND: '435323'
2025-08-09 11:01:37,047 - Match bounding box:
2025-08-09 11:01:37,047 -   Top-left: (1031, 134)
2025-08-09 11:01:37,047 -   Bottom-right: (1117, 149)
2025-08-09 11:01:37,048 - DEBUG: Automatic detection successful
