2025-08-09 09:34:34,904 - DEBUG: Processing image: C:\Users\Raffetto\AppData\Local\Temp\temp_1754746474832_d9q8d4.png
2025-08-09 09:34:35,300 - 
Searching for text near 'INVOICE NO' in 'below' position:
2025-08-09 09:34:35,300 - Complete keyphrase 'INVOICE NO' not found within threshold.
2025-08-09 09:34:35,301 - 
Searching for text near 'ACCOUNT NO' in 'below' position:
2025-08-09 09:34:35,301 - Keyphrase 'ACCOUNT NO' bounding box:
2025-08-09 09:34:35,301 -   Top-left: (7, 362)
2025-08-09 09:34:35,301 -   Bottom-right: (104, 375)
2025-08-09 09:34:35,316 - No valid matching text found near 'ACCOUNT NO'
2025-08-09 09:34:35,317 - 
Searching for text near 'INVOICE DATE' in 'below' position:
2025-08-09 09:34:35,317 - Complete keyphrase 'INVOICE DATE' not found within threshold.
2025-08-09 09:34:35,317 - 
Searching for text near 'INVOICE NO' in 'below' position:
2025-08-09 09:34:35,318 - Keyphrase 'INVOICE NO' bounding box:
2025-08-09 09:34:35,318 -   Top-left: (995, 81)
2025-08-09 09:34:35,318 -   Bottom-right: (1123, 99)
2025-08-09 09:34:35,332 - No valid matching text found near 'INVOICE NO'
2025-08-09 09:34:35,333 - 
Searching for text near 'ACCOUNT NO' in 'below' position:
2025-08-09 09:34:35,333 - Keyphrase 'ACCOUNT NO' bounding box:
2025-08-09 09:34:35,333 -   Top-left: (7, 362)
2025-08-09 09:34:35,333 -   Bottom-right: (104, 375)
2025-08-09 09:34:35,348 - No valid matching text found near 'ACCOUNT NO'
2025-08-09 09:34:35,348 - 
Searching for text near 'INVOICE DATE' in 'below' position:
2025-08-09 09:34:35,348 - Keyphrase 'INVOICE DATE' bounding box:
2025-08-09 09:34:35,348 -   Top-left: (992, 160)
2025-08-09 09:34:35,348 -   Bottom-right: (1136, 177)
2025-08-09 09:34:35,363 - No valid matching text found near 'INVOICE DATE'
2025-08-09 09:34:35,363 - 
Searching for text near 'INVOICE NO' in 'below' position:
2025-08-09 09:34:35,363 - Keyphrase 'INVOICE NO' bounding box:
2025-08-09 09:34:35,363 -   Top-left: (995, 81)
2025-08-09 09:34:35,363 -   Bottom-right: (1123, 99)
2025-08-09 09:34:35,378 - No valid matching text found near 'INVOICE NO'
2025-08-09 09:34:35,378 - 
Searching for text near 'ACCOUNT NO' in 'below' position:
2025-08-09 09:34:35,378 - Keyphrase 'ACCOUNT NO' bounding box:
2025-08-09 09:34:35,378 -   Top-left: (7, 362)
2025-08-09 09:34:35,378 -   Bottom-right: (104, 375)
2025-08-09 09:34:35,393 - No valid matching text found near 'ACCOUNT NO'
2025-08-09 09:34:35,393 - 
Searching for text near 'INVOICE DATE' in 'below' position:
2025-08-09 09:34:35,393 - Keyphrase 'INVOICE DATE' bounding box:
2025-08-09 09:34:35,393 -   Top-left: (992, 160)
2025-08-09 09:34:35,393 -   Bottom-right: (1136, 177)
2025-08-09 09:34:35,407 - No valid matching text found near 'INVOICE DATE'
2025-08-09 09:34:35,408 - 
Searching for text near 'INVOICE NO' in 'below' position:
2025-08-09 09:34:35,408 - Keyphrase 'INVOICE NO' bounding box:
2025-08-09 09:34:35,408 -   Top-left: (995, 81)
2025-08-09 09:34:35,408 -   Bottom-right: (1123, 99)
2025-08-09 09:34:35,422 - No valid matching text found near 'INVOICE NO'
2025-08-09 09:34:35,422 - 
Searching for text near 'ACCOUNT NO' in 'below' position:
2025-08-09 09:34:35,423 - Keyphrase 'ACCOUNT NO' bounding box:
2025-08-09 09:34:35,423 -   Top-left: (7, 362)
2025-08-09 09:34:35,423 -   Bottom-right: (104, 375)
2025-08-09 09:34:35,437 - No valid matching text found near 'ACCOUNT NO'
2025-08-09 09:34:35,437 - 
Searching for text near 'INVOICE DATE' in 'below' position:
2025-08-09 09:34:35,438 - Keyphrase 'INVOICE DATE' bounding box:
2025-08-09 09:34:35,438 -   Top-left: (992, 160)
2025-08-09 09:34:35,438 -   Bottom-right: (1136, 177)
2025-08-09 09:34:35,452 - No valid matching text found near 'INVOICE DATE'
2025-08-09 09:34:35,452 - 
Searching for text near 'INVOICE NO' in 'below' position:
2025-08-09 09:34:35,453 - Keyphrase 'INVOICE NO' bounding box:
2025-08-09 09:34:35,453 -   Top-left: (995, 81)
2025-08-09 09:34:35,453 -   Bottom-right: (1123, 99)
2025-08-09 09:34:35,467 - No valid matching text found near 'INVOICE NO'
2025-08-09 09:34:35,467 - 
Searching for text near 'ACCOUNT NO' in 'below' position:
2025-08-09 09:34:35,468 - Keyphrase 'ACCOUNT NO' bounding box:
2025-08-09 09:34:35,468 -   Top-left: (7, 362)
2025-08-09 09:34:35,468 -   Bottom-right: (104, 375)
2025-08-09 09:34:35,482 - No valid matching text found near 'ACCOUNT NO'
2025-08-09 09:34:35,482 - 
Searching for text near 'INVOICE DATE' in 'below' position:
2025-08-09 09:34:35,483 - Keyphrase 'INVOICE DATE' bounding box:
2025-08-09 09:34:35,483 -   Top-left: (992, 160)
2025-08-09 09:34:35,483 -   Bottom-right: (1136, 177)
2025-08-09 09:34:35,498 - 
MATCH FOUND: '01/02/25'
2025-08-09 09:34:35,498 - Match bounding box:
2025-08-09 09:34:35,498 -   Top-left: (1034, 201)
2025-08-09 09:34:35,498 -   Bottom-right: (1146, 219)
2025-08-09 09:34:35,498 - 
Searching for text near 'INVOICE NO' in 'below' position:
2025-08-09 09:34:35,498 - Keyphrase 'INVOICE NO' bounding box:
2025-08-09 09:34:35,498 -   Top-left: (995, 81)
2025-08-09 09:34:35,498 -   Bottom-right: (1123, 99)
2025-08-09 09:34:35,513 - No valid matching text found near 'INVOICE NO'
2025-08-09 09:34:35,513 - 
Searching for text near 'ACCOUNT NO' in 'below' position:
2025-08-09 09:34:35,514 - Keyphrase 'ACCOUNT NO' bounding box:
2025-08-09 09:34:35,514 -   Top-left: (7, 362)
2025-08-09 09:34:35,514 -   Bottom-right: (104, 375)
2025-08-09 09:34:35,528 - 
MATCH FOUND: 'CESARE'
2025-08-09 09:34:35,528 - Match bounding box:
2025-08-09 09:34:35,528 -   Top-left: (30, 404)
2025-08-09 09:34:35,528 -   Bottom-right: (114, 418)
2025-08-09 09:34:35,528 - 
Searching for text near 'INVOICE NO' in 'below' position:
2025-08-09 09:34:35,529 - Keyphrase 'INVOICE NO' bounding box:
2025-08-09 09:34:35,529 -   Top-left: (995, 81)
2025-08-09 09:34:35,529 -   Bottom-right: (1123, 99)
2025-08-09 09:34:35,544 - 
MATCH FOUND: '435323'
2025-08-09 09:34:35,544 - Match bounding box:
2025-08-09 09:34:35,544 -   Top-left: (1031, 134)
2025-08-09 09:34:35,544 -   Bottom-right: (1117, 149)
2025-08-09 09:34:35,545 - DEBUG: Automatic detection successful
