2025-05-15 09:17:57,805 - DEBUG: Processing image: ./Invoices/InvoicePictures\AGATHA_435327.png
2025-05-15 09:17:58,234 - 
Searching for text near 'INVOICE NO' in 'below' position:
2025-05-15 09:17:58,236 - Complete keyphrase 'INVOICE NO' not found within threshold.
2025-05-15 09:17:58,236 - 
Searching for text near 'ACCOUNT NO' in 'below' position:
2025-05-15 09:17:58,236 - Keyphrase 'ACCOUNT NO' bounding box:
2025-05-15 09:17:58,236 -   Top-left: (4, 205)
2025-05-15 09:17:58,236 -   Bottom-right: (74, 215)
2025-05-15 09:17:58,259 - No valid matching text found near 'ACCOUNT NO'
2025-05-15 09:17:58,259 - 
Searching for text near 'INVOICE DATE' in 'below' position:
2025-05-15 09:17:58,259 - Keyphrase 'INVOICE DATE' bounding box:
2025-05-15 09:17:58,259 -   Top-left: (708, 64)
2025-05-15 09:17:58,259 -   Bottom-right: (812, 77)
2025-05-15 09:17:58,281 - No valid matching text found near 'INVOICE DATE'
2025-05-15 09:17:58,281 - 
Searching for text near 'INVOICE NO' in 'below' position:
2025-05-15 09:17:58,282 - Keyphrase 'INVOICE NO' bounding box:
2025-05-15 09:17:58,282 -   Top-left: (711, 10)
2025-05-15 09:17:58,282 -   Bottom-right: (802, 22)
2025-05-15 09:17:58,304 - No valid matching text found near 'INVOICE NO'
2025-05-15 09:17:58,304 - 
Searching for text near 'ACCOUNT NO' in 'below' position:
2025-05-15 09:17:58,304 - Keyphrase 'ACCOUNT NO' bounding box:
2025-05-15 09:17:58,304 -   Top-left: (4, 205)
2025-05-15 09:17:58,304 -   Bottom-right: (74, 215)
2025-05-15 09:17:58,326 - No valid matching text found near 'ACCOUNT NO'
2025-05-15 09:17:58,326 - 
Searching for text near 'INVOICE DATE' in 'below' position:
2025-05-15 09:17:58,327 - Keyphrase 'INVOICE DATE' bounding box:
2025-05-15 09:17:58,327 -   Top-left: (708, 64)
2025-05-15 09:17:58,327 -   Bottom-right: (812, 77)
2025-05-15 09:17:58,349 - No valid matching text found near 'INVOICE DATE'
2025-05-15 09:17:58,349 - 
Searching for text near 'INVOICE NO' in 'below' position:
2025-05-15 09:17:58,350 - Keyphrase 'INVOICE NO' bounding box:
2025-05-15 09:17:58,350 -   Top-left: (711, 10)
2025-05-15 09:17:58,350 -   Bottom-right: (802, 22)
2025-05-15 09:17:58,372 - No valid matching text found near 'INVOICE NO'
2025-05-15 09:17:58,372 - 
Searching for text near 'ACCOUNT NO' in 'below' position:
2025-05-15 09:17:58,373 - Keyphrase 'ACCOUNT NO' bounding box:
2025-05-15 09:17:58,373 -   Top-left: (4, 205)
2025-05-15 09:17:58,373 -   Bottom-right: (74, 215)
2025-05-15 09:17:58,394 - No valid matching text found near 'ACCOUNT NO'
2025-05-15 09:17:58,394 - 
Searching for text near 'INVOICE DATE' in 'below' position:
2025-05-15 09:17:58,395 - Keyphrase 'INVOICE DATE' bounding box:
2025-05-15 09:17:58,395 -   Top-left: (708, 64)
2025-05-15 09:17:58,395 -   Bottom-right: (812, 77)
2025-05-15 09:17:58,417 - 
MATCH FOUND: '01/02/25'
2025-05-15 09:17:58,417 - Match bounding box:
2025-05-15 09:17:58,417 -   Top-left: (737, 93)
2025-05-15 09:17:58,417 -   Bottom-right: (819, 107)
2025-05-15 09:17:58,417 - 
Searching for text near 'INVOICE NO' in 'below' position:
2025-05-15 09:17:58,418 - Keyphrase 'INVOICE NO' bounding box:
2025-05-15 09:17:58,418 -   Top-left: (711, 10)
2025-05-15 09:17:58,418 -   Bottom-right: (802, 22)
2025-05-15 09:17:58,440 - No valid matching text found near 'INVOICE NO'
2025-05-15 09:17:58,440 - 
Searching for text near 'ACCOUNT NO' in 'below' position:
2025-05-15 09:17:58,441 - Keyphrase 'ACCOUNT NO' bounding box:
2025-05-15 09:17:58,441 -   Top-left: (4, 205)
2025-05-15 09:17:58,441 -   Bottom-right: (74, 215)
2025-05-15 09:17:58,462 - 
MATCH FOUND: 'AGATHA'
2025-05-15 09:17:58,462 - Match bounding box:
2025-05-15 09:17:58,462 -   Top-left: (19, 235)
2025-05-15 09:17:58,463 -   Bottom-right: (81, 246)
2025-05-15 09:17:58,463 - 
Searching for text near 'INVOICE NO' in 'below' position:
2025-05-15 09:17:58,463 - Keyphrase 'INVOICE NO' bounding box:
2025-05-15 09:17:58,463 -   Top-left: (711, 10)
2025-05-15 09:17:58,463 -   Bottom-right: (802, 22)
2025-05-15 09:17:58,487 - 
MATCH FOUND: '435327'
2025-05-15 09:17:58,487 - Match bounding box:
2025-05-15 09:17:58,487 -   Top-left: (736, 45)
2025-05-15 09:17:58,487 -   Bottom-right: (795, 56)
2025-05-15 09:17:58,488 - DEBUG: Automatic detection successful, copying image to sorted folder
2025-05-15 09:17:58,869 - DEBUG: Processing image: ./Invoices/InvoicePictures\CESARE_435323.png
2025-05-15 09:17:59,191 - 
Searching for text near 'INVOICE NO' in 'below' position:
2025-05-15 09:17:59,191 - Keyphrase 'INVOICE NO' bounding box:
2025-05-15 09:17:59,191 -   Top-left: (711, 7)
2025-05-15 09:17:59,191 -   Bottom-right: (802, 20)
2025-05-15 09:17:59,206 - No valid matching text found near 'INVOICE NO'
2025-05-15 09:17:59,206 - 
Searching for text near 'ACCOUNT NO' in 'below' position:
2025-05-15 09:17:59,207 - Keyphrase 'ACCOUNT NO' bounding box:
2025-05-15 09:17:59,207 -   Top-left: (5, 209)
2025-05-15 09:17:59,207 -   Bottom-right: (74, 217)
2025-05-15 09:17:59,221 - No valid matching text found near 'ACCOUNT NO'
2025-05-15 09:17:59,221 - 
Searching for text near 'INVOICE DATE' in 'below' position:
2025-05-15 09:17:59,222 - Keyphrase 'INVOICE DATE' bounding box:
2025-05-15 09:17:59,222 -   Top-left: (708, 63)
2025-05-15 09:17:59,222 -   Bottom-right: (812, 75)
2025-05-15 09:17:59,237 - No valid matching text found near 'INVOICE DATE'
2025-05-15 09:17:59,237 - 
Searching for text near 'INVOICE NO' in 'below' position:
2025-05-15 09:17:59,238 - Keyphrase 'INVOICE NO' bounding box:
2025-05-15 09:17:59,238 -   Top-left: (711, 7)
2025-05-15 09:17:59,238 -   Bottom-right: (802, 20)
2025-05-15 09:17:59,253 - No valid matching text found near 'INVOICE NO'
2025-05-15 09:17:59,253 - 
Searching for text near 'ACCOUNT NO' in 'below' position:
2025-05-15 09:17:59,253 - Keyphrase 'ACCOUNT NO' bounding box:
2025-05-15 09:17:59,253 -   Top-left: (5, 209)
2025-05-15 09:17:59,253 -   Bottom-right: (74, 217)
2025-05-15 09:17:59,270 - No valid matching text found near 'ACCOUNT NO'
2025-05-15 09:17:59,270 - 
Searching for text near 'INVOICE DATE' in 'below' position:
2025-05-15 09:17:59,270 - Keyphrase 'INVOICE DATE' bounding box:
2025-05-15 09:17:59,270 -   Top-left: (708, 63)
2025-05-15 09:17:59,270 -   Bottom-right: (812, 75)
2025-05-15 09:17:59,285 - No valid matching text found near 'INVOICE DATE'
2025-05-15 09:17:59,286 - 
Searching for text near 'INVOICE NO' in 'below' position:
2025-05-15 09:17:59,286 - Keyphrase 'INVOICE NO' bounding box:
2025-05-15 09:17:59,286 -   Top-left: (711, 7)
2025-05-15 09:17:59,286 -   Bottom-right: (802, 20)
2025-05-15 09:17:59,300 - No valid matching text found near 'INVOICE NO'
2025-05-15 09:17:59,300 - 
Searching for text near 'ACCOUNT NO' in 'below' position:
2025-05-15 09:17:59,301 - Keyphrase 'ACCOUNT NO' bounding box:
2025-05-15 09:17:59,301 -   Top-left: (5, 209)
2025-05-15 09:17:59,301 -   Bottom-right: (74, 217)
2025-05-15 09:17:59,316 - No valid matching text found near 'ACCOUNT NO'
2025-05-15 09:17:59,316 - 
Searching for text near 'INVOICE DATE' in 'below' position:
2025-05-15 09:17:59,317 - Keyphrase 'INVOICE DATE' bounding box:
2025-05-15 09:17:59,317 -   Top-left: (708, 63)
2025-05-15 09:17:59,317 -   Bottom-right: (812, 75)
2025-05-15 09:17:59,332 - No valid matching text found near 'INVOICE DATE'
2025-05-15 09:17:59,332 - 
Searching for text near 'INVOICE NO' in 'below' position:
2025-05-15 09:17:59,333 - Keyphrase 'INVOICE NO' bounding box:
2025-05-15 09:17:59,333 -   Top-left: (711, 7)
2025-05-15 09:17:59,333 -   Bottom-right: (802, 20)
2025-05-15 09:17:59,348 - No valid matching text found near 'INVOICE NO'
2025-05-15 09:17:59,348 - 
Searching for text near 'ACCOUNT NO' in 'below' position:
2025-05-15 09:17:59,348 - Keyphrase 'ACCOUNT NO' bounding box:
2025-05-15 09:17:59,349 -   Top-left: (5, 209)
2025-05-15 09:17:59,349 -   Bottom-right: (74, 217)
2025-05-15 09:17:59,364 - 
MATCH FOUND: 'CESARE'
2025-05-15 09:17:59,364 - Match bounding box:
2025-05-15 09:17:59,364 -   Top-left: (22, 238)
2025-05-15 09:17:59,364 -   Bottom-right: (81, 250)
2025-05-15 09:17:59,364 - 
Searching for text near 'INVOICE DATE' in 'below' position:
2025-05-15 09:17:59,364 - Keyphrase 'INVOICE DATE' bounding box:
2025-05-15 09:17:59,364 -   Top-left: (708, 63)
2025-05-15 09:17:59,364 -   Bottom-right: (812, 75)
2025-05-15 09:17:59,379 - 
MATCH FOUND: '01/02/25'
2025-05-15 09:17:59,379 - Match bounding box:
2025-05-15 09:17:59,379 -   Top-left: (738, 93)
2025-05-15 09:17:59,379 -   Bottom-right: (819, 106)
2025-05-15 09:17:59,380 - 
Searching for text near 'INVOICE NO' in 'below' position:
2025-05-15 09:17:59,380 - Keyphrase 'INVOICE NO' bounding box:
2025-05-15 09:17:59,380 -   Top-left: (711, 7)
2025-05-15 09:17:59,380 -   Bottom-right: (802, 20)
2025-05-15 09:17:59,395 - 
MATCH FOUND: '435323'
2025-05-15 09:17:59,395 - Match bounding box:
2025-05-15 09:17:59,395 -   Top-left: (737, 44)
2025-05-15 09:17:59,395 -   Bottom-right: (796, 56)
2025-05-15 09:17:59,396 - DEBUG: Automatic detection successful, copying image to sorted folder
