2025-08-09 11:30:08,432 - DEBUG: Processing image: C:\Users\Raffetto\AppData\Local\Temp\temp_1754753408359_fgd7g7.png
2025-08-09 11:30:08,887 - 
Searching for text near 'INVOICE NO' in 'below' position:
2025-08-09 11:30:08,888 - Complete keyphrase 'INVOICE NO' not found within threshold.
2025-08-09 11:30:08,888 - 
Searching for text near 'ACCOUNT NO' in 'below' position:
2025-08-09 11:30:08,888 - Keyphrase 'ACCOUNT NO' bounding box:
2025-08-09 11:30:08,888 -   Top-left: (7, 362)
2025-08-09 11:30:08,889 -   Bottom-right: (104, 375)
2025-08-09 11:30:08,903 - No valid matching text found near 'ACCOUNT NO'
2025-08-09 11:30:08,905 - 
Searching for text near 'INVOICE DATE' in 'below' position:
2025-08-09 11:30:08,905 - Complete keyphrase 'INVOICE DATE' not found within threshold.
2025-08-09 11:30:08,905 - 
Searching for text near 'INVOICE NO' in 'below' position:
2025-08-09 11:30:08,906 - Keyphrase 'INVOICE NO' bounding box:
2025-08-09 11:30:08,906 -   Top-left: (995, 81)
2025-08-09 11:30:08,906 -   Bottom-right: (1123, 99)
2025-08-09 11:30:08,921 - No valid matching text found near 'INVOICE NO'
2025-08-09 11:30:08,921 - 
Searching for text near 'ACCOUNT NO' in 'below' position:
2025-08-09 11:30:08,921 - Keyphrase 'ACCOUNT NO' bounding box:
2025-08-09 11:30:08,921 -   Top-left: (7, 362)
2025-08-09 11:30:08,921 -   Bottom-right: (104, 375)
2025-08-09 11:30:08,936 - No valid matching text found near 'ACCOUNT NO'
2025-08-09 11:30:08,936 - 
Searching for text near 'INVOICE DATE' in 'below' position:
2025-08-09 11:30:08,936 - Keyphrase 'INVOICE DATE' bounding box:
2025-08-09 11:30:08,936 -   Top-left: (992, 160)
2025-08-09 11:30:08,936 -   Bottom-right: (1136, 177)
2025-08-09 11:30:08,951 - No valid matching text found near 'INVOICE DATE'
2025-08-09 11:30:08,951 - 
Searching for text near 'INVOICE NO' in 'below' position:
2025-08-09 11:30:08,951 - Keyphrase 'INVOICE NO' bounding box:
2025-08-09 11:30:08,951 -   Top-left: (995, 81)
2025-08-09 11:30:08,952 -   Bottom-right: (1123, 99)
2025-08-09 11:30:08,966 - No valid matching text found near 'INVOICE NO'
2025-08-09 11:30:08,966 - 
Searching for text near 'ACCOUNT NO' in 'below' position:
2025-08-09 11:30:08,966 - Keyphrase 'ACCOUNT NO' bounding box:
2025-08-09 11:30:08,966 -   Top-left: (7, 362)
2025-08-09 11:30:08,967 -   Bottom-right: (104, 375)
2025-08-09 11:30:08,981 - No valid matching text found near 'ACCOUNT NO'
2025-08-09 11:30:08,981 - 
Searching for text near 'INVOICE DATE' in 'below' position:
2025-08-09 11:30:08,981 - Keyphrase 'INVOICE DATE' bounding box:
2025-08-09 11:30:08,981 -   Top-left: (992, 160)
2025-08-09 11:30:08,981 -   Bottom-right: (1136, 177)
2025-08-09 11:30:08,995 - No valid matching text found near 'INVOICE DATE'
2025-08-09 11:30:08,995 - 
Searching for text near 'INVOICE NO' in 'below' position:
2025-08-09 11:30:08,996 - Keyphrase 'INVOICE NO' bounding box:
2025-08-09 11:30:08,996 -   Top-left: (995, 81)
2025-08-09 11:30:08,996 -   Bottom-right: (1123, 99)
2025-08-09 11:30:09,010 - No valid matching text found near 'INVOICE NO'
2025-08-09 11:30:09,010 - 
Searching for text near 'ACCOUNT NO' in 'below' position:
2025-08-09 11:30:09,011 - Keyphrase 'ACCOUNT NO' bounding box:
2025-08-09 11:30:09,011 -   Top-left: (7, 362)
2025-08-09 11:30:09,011 -   Bottom-right: (104, 375)
2025-08-09 11:30:09,025 - No valid matching text found near 'ACCOUNT NO'
2025-08-09 11:30:09,025 - 
Searching for text near 'INVOICE DATE' in 'below' position:
2025-08-09 11:30:09,025 - Keyphrase 'INVOICE DATE' bounding box:
2025-08-09 11:30:09,025 -   Top-left: (992, 160)
2025-08-09 11:30:09,025 -   Bottom-right: (1136, 177)
2025-08-09 11:30:09,040 - No valid matching text found near 'INVOICE DATE'
2025-08-09 11:30:09,040 - 
Searching for text near 'INVOICE NO' in 'below' position:
2025-08-09 11:30:09,040 - Keyphrase 'INVOICE NO' bounding box:
2025-08-09 11:30:09,040 -   Top-left: (995, 81)
2025-08-09 11:30:09,040 -   Bottom-right: (1123, 99)
2025-08-09 11:30:09,055 - No valid matching text found near 'INVOICE NO'
2025-08-09 11:30:09,055 - 
Searching for text near 'ACCOUNT NO' in 'below' position:
2025-08-09 11:30:09,055 - Keyphrase 'ACCOUNT NO' bounding box:
2025-08-09 11:30:09,055 -   Top-left: (7, 362)
2025-08-09 11:30:09,055 -   Bottom-right: (104, 375)
2025-08-09 11:30:09,070 - No valid matching text found near 'ACCOUNT NO'
2025-08-09 11:30:09,070 - 
Searching for text near 'INVOICE DATE' in 'below' position:
2025-08-09 11:30:09,070 - Keyphrase 'INVOICE DATE' bounding box:
2025-08-09 11:30:09,070 -   Top-left: (992, 160)
2025-08-09 11:30:09,070 -   Bottom-right: (1136, 177)
2025-08-09 11:30:09,085 - 
MATCH FOUND: '01/02/25'
2025-08-09 11:30:09,085 - Match bounding box:
2025-08-09 11:30:09,085 -   Top-left: (1034, 201)
2025-08-09 11:30:09,085 -   Bottom-right: (1146, 219)
2025-08-09 11:30:09,085 - 
Searching for text near 'INVOICE NO' in 'below' position:
2025-08-09 11:30:09,086 - Keyphrase 'INVOICE NO' bounding box:
2025-08-09 11:30:09,086 -   Top-left: (995, 81)
2025-08-09 11:30:09,086 -   Bottom-right: (1123, 99)
2025-08-09 11:30:09,100 - No valid matching text found near 'INVOICE NO'
2025-08-09 11:30:09,100 - 
Searching for text near 'ACCOUNT NO' in 'below' position:
2025-08-09 11:30:09,101 - Keyphrase 'ACCOUNT NO' bounding box:
2025-08-09 11:30:09,101 -   Top-left: (7, 362)
2025-08-09 11:30:09,101 -   Bottom-right: (104, 375)
2025-08-09 11:30:09,115 - 
MATCH FOUND: 'CESARE'
2025-08-09 11:30:09,115 - Match bounding box:
2025-08-09 11:30:09,115 -   Top-left: (30, 404)
2025-08-09 11:30:09,115 -   Bottom-right: (114, 418)
2025-08-09 11:30:09,115 - 
Searching for text near 'INVOICE NO' in 'below' position:
2025-08-09 11:30:09,116 - Keyphrase 'INVOICE NO' bounding box:
2025-08-09 11:30:09,116 -   Top-left: (995, 81)
2025-08-09 11:30:09,116 -   Bottom-right: (1123, 99)
2025-08-09 11:30:09,130 - 
MATCH FOUND: '435323'
2025-08-09 11:30:09,130 - Match bounding box:
2025-08-09 11:30:09,130 -   Top-left: (1031, 134)
2025-08-09 11:30:09,130 -   Bottom-right: (1117, 149)
2025-08-09 11:30:09,131 - DEBUG: Automatic detection successful
2025-08-09 11:34:18,012 - DEBUG: Processing image: C:\Users\Raffetto\AppData\Local\Temp\temp_1754753657937_enxp7c.png
2025-08-09 11:34:18,401 - 
Searching for text near 'INVOICE NO' in 'below' position:
2025-08-09 11:34:18,402 - Complete keyphrase 'INVOICE NO' not found within threshold.
2025-08-09 11:34:18,402 - 
Searching for text near 'ACCOUNT NO' in 'below' position:
2025-08-09 11:34:18,403 - Keyphrase 'ACCOUNT NO' bounding box:
2025-08-09 11:34:18,403 -   Top-left: (7, 362)
2025-08-09 11:34:18,403 -   Bottom-right: (104, 375)
2025-08-09 11:34:18,417 - No valid matching text found near 'ACCOUNT NO'
2025-08-09 11:34:18,417 - 
Searching for text near 'INVOICE DATE' in 'below' position:
2025-08-09 11:34:18,418 - Complete keyphrase 'INVOICE DATE' not found within threshold.
2025-08-09 11:34:18,418 - 
Searching for text near 'INVOICE NO' in 'below' position:
2025-08-09 11:34:18,419 - Keyphrase 'INVOICE NO' bounding box:
2025-08-09 11:34:18,419 -   Top-left: (995, 81)
2025-08-09 11:34:18,419 -   Bottom-right: (1123, 99)
2025-08-09 11:34:18,433 - No valid matching text found near 'INVOICE NO'
2025-08-09 11:34:18,433 - 
Searching for text near 'ACCOUNT NO' in 'below' position:
2025-08-09 11:34:18,434 - Keyphrase 'ACCOUNT NO' bounding box:
2025-08-09 11:34:18,434 -   Top-left: (7, 362)
2025-08-09 11:34:18,434 -   Bottom-right: (104, 375)
2025-08-09 11:34:18,448 - No valid matching text found near 'ACCOUNT NO'
2025-08-09 11:34:18,448 - 
Searching for text near 'INVOICE DATE' in 'below' position:
2025-08-09 11:34:18,449 - Keyphrase 'INVOICE DATE' bounding box:
2025-08-09 11:34:18,449 -   Top-left: (992, 160)
2025-08-09 11:34:18,449 -   Bottom-right: (1136, 177)
2025-08-09 11:34:18,463 - No valid matching text found near 'INVOICE DATE'
2025-08-09 11:34:18,463 - 
Searching for text near 'INVOICE NO' in 'below' position:
2025-08-09 11:34:18,464 - Keyphrase 'INVOICE NO' bounding box:
2025-08-09 11:34:18,464 -   Top-left: (995, 81)
2025-08-09 11:34:18,464 -   Bottom-right: (1123, 99)
2025-08-09 11:34:18,478 - No valid matching text found near 'INVOICE NO'
2025-08-09 11:34:18,478 - 
Searching for text near 'ACCOUNT NO' in 'below' position:
2025-08-09 11:34:18,479 - Keyphrase 'ACCOUNT NO' bounding box:
2025-08-09 11:34:18,479 -   Top-left: (7, 362)
2025-08-09 11:34:18,479 -   Bottom-right: (104, 375)
2025-08-09 11:34:18,493 - No valid matching text found near 'ACCOUNT NO'
2025-08-09 11:34:18,493 - 
Searching for text near 'INVOICE DATE' in 'below' position:
2025-08-09 11:34:18,494 - Keyphrase 'INVOICE DATE' bounding box:
2025-08-09 11:34:18,494 -   Top-left: (992, 160)
2025-08-09 11:34:18,494 -   Bottom-right: (1136, 177)
2025-08-09 11:34:18,508 - No valid matching text found near 'INVOICE DATE'
2025-08-09 11:34:18,508 - 
Searching for text near 'INVOICE NO' in 'below' position:
2025-08-09 11:34:18,508 - Keyphrase 'INVOICE NO' bounding box:
2025-08-09 11:34:18,508 -   Top-left: (995, 81)
2025-08-09 11:34:18,508 -   Bottom-right: (1123, 99)
2025-08-09 11:34:18,522 - No valid matching text found near 'INVOICE NO'
2025-08-09 11:34:18,523 - 
Searching for text near 'ACCOUNT NO' in 'below' position:
2025-08-09 11:34:18,523 - Keyphrase 'ACCOUNT NO' bounding box:
2025-08-09 11:34:18,523 -   Top-left: (7, 362)
2025-08-09 11:34:18,523 -   Bottom-right: (104, 375)
2025-08-09 11:34:18,537 - No valid matching text found near 'ACCOUNT NO'
2025-08-09 11:34:18,537 - 
Searching for text near 'INVOICE DATE' in 'below' position:
2025-08-09 11:34:18,538 - Keyphrase 'INVOICE DATE' bounding box:
2025-08-09 11:34:18,538 -   Top-left: (992, 160)
2025-08-09 11:34:18,538 -   Bottom-right: (1136, 177)
2025-08-09 11:34:18,552 - No valid matching text found near 'INVOICE DATE'
2025-08-09 11:34:18,552 - 
Searching for text near 'INVOICE NO' in 'below' position:
2025-08-09 11:34:18,553 - Keyphrase 'INVOICE NO' bounding box:
2025-08-09 11:34:18,553 -   Top-left: (995, 81)
2025-08-09 11:34:18,553 -   Bottom-right: (1123, 99)
2025-08-09 11:34:18,567 - No valid matching text found near 'INVOICE NO'
2025-08-09 11:34:18,567 - 
Searching for text near 'ACCOUNT NO' in 'below' position:
2025-08-09 11:34:18,567 - Keyphrase 'ACCOUNT NO' bounding box:
2025-08-09 11:34:18,567 -   Top-left: (7, 362)
2025-08-09 11:34:18,567 -   Bottom-right: (104, 375)
2025-08-09 11:34:18,582 - No valid matching text found near 'ACCOUNT NO'
2025-08-09 11:34:18,582 - 
Searching for text near 'INVOICE DATE' in 'below' position:
2025-08-09 11:34:18,582 - Keyphrase 'INVOICE DATE' bounding box:
2025-08-09 11:34:18,582 -   Top-left: (992, 160)
2025-08-09 11:34:18,582 -   Bottom-right: (1136, 177)
2025-08-09 11:34:18,596 - 
MATCH FOUND: '01/02/25'
2025-08-09 11:34:18,596 - Match bounding box:
2025-08-09 11:34:18,597 -   Top-left: (1034, 201)
2025-08-09 11:34:18,597 -   Bottom-right: (1146, 219)
2025-08-09 11:34:18,597 - 
Searching for text near 'INVOICE NO' in 'below' position:
2025-08-09 11:34:18,597 - Keyphrase 'INVOICE NO' bounding box:
2025-08-09 11:34:18,597 -   Top-left: (995, 81)
2025-08-09 11:34:18,597 -   Bottom-right: (1123, 99)
2025-08-09 11:34:18,611 - No valid matching text found near 'INVOICE NO'
2025-08-09 11:34:18,612 - 
Searching for text near 'ACCOUNT NO' in 'below' position:
2025-08-09 11:34:18,612 - Keyphrase 'ACCOUNT NO' bounding box:
2025-08-09 11:34:18,612 -   Top-left: (7, 362)
2025-08-09 11:34:18,612 -   Bottom-right: (104, 375)
2025-08-09 11:34:18,626 - 
MATCH FOUND: 'CESARE'
2025-08-09 11:34:18,626 - Match bounding box:
2025-08-09 11:34:18,626 -   Top-left: (30, 404)
2025-08-09 11:34:18,627 -   Bottom-right: (114, 418)
2025-08-09 11:34:18,627 - 
Searching for text near 'INVOICE NO' in 'below' position:
2025-08-09 11:34:18,627 - Keyphrase 'INVOICE NO' bounding box:
2025-08-09 11:34:18,627 -   Top-left: (995, 81)
2025-08-09 11:34:18,627 -   Bottom-right: (1123, 99)
2025-08-09 11:34:18,642 - 
MATCH FOUND: '435323'
2025-08-09 11:34:18,642 - Match bounding box:
2025-08-09 11:34:18,642 -   Top-left: (1031, 134)
2025-08-09 11:34:18,642 -   Bottom-right: (1117, 149)
2025-08-09 11:34:18,643 - DEBUG: Automatic detection successful
2025-08-09 11:34:26,637 - DEBUG: Processing image: C:\Users\Raffetto\AppData\Local\Temp\temp_1754753666563_9gcf85.png
2025-08-09 11:34:26,968 - 
Searching for text near 'INVOICE NO' in 'below' position:
2025-08-09 11:34:26,969 - Complete keyphrase 'INVOICE NO' not found within threshold.
2025-08-09 11:34:26,969 - 
Searching for text near 'ACCOUNT NO' in 'below' position:
2025-08-09 11:34:26,970 - Keyphrase 'ACCOUNT NO' bounding box:
2025-08-09 11:34:26,970 -   Top-left: (7, 362)
2025-08-09 11:34:26,970 -   Bottom-right: (104, 375)
2025-08-09 11:34:26,984 - No valid matching text found near 'ACCOUNT NO'
2025-08-09 11:34:26,984 - 
Searching for text near 'INVOICE DATE' in 'below' position:
2025-08-09 11:34:26,985 - Complete keyphrase 'INVOICE DATE' not found within threshold.
2025-08-09 11:34:26,985 - 
Searching for text near 'INVOICE NO' in 'below' position:
2025-08-09 11:34:26,986 - Keyphrase 'INVOICE NO' bounding box:
2025-08-09 11:34:26,986 -   Top-left: (995, 81)
2025-08-09 11:34:26,986 -   Bottom-right: (1123, 99)
2025-08-09 11:34:27,000 - No valid matching text found near 'INVOICE NO'
2025-08-09 11:34:27,000 - 
Searching for text near 'ACCOUNT NO' in 'below' position:
2025-08-09 11:34:27,001 - Keyphrase 'ACCOUNT NO' bounding box:
2025-08-09 11:34:27,001 -   Top-left: (7, 362)
2025-08-09 11:34:27,001 -   Bottom-right: (104, 375)
2025-08-09 11:34:27,015 - No valid matching text found near 'ACCOUNT NO'
2025-08-09 11:34:27,016 - 
Searching for text near 'INVOICE DATE' in 'below' position:
2025-08-09 11:34:27,016 - Keyphrase 'INVOICE DATE' bounding box:
2025-08-09 11:34:27,016 -   Top-left: (992, 160)
2025-08-09 11:34:27,016 -   Bottom-right: (1136, 177)
2025-08-09 11:34:27,031 - No valid matching text found near 'INVOICE DATE'
2025-08-09 11:34:27,031 - 
Searching for text near 'INVOICE NO' in 'below' position:
2025-08-09 11:34:27,031 - Keyphrase 'INVOICE NO' bounding box:
2025-08-09 11:34:27,031 -   Top-left: (995, 81)
2025-08-09 11:34:27,031 -   Bottom-right: (1123, 99)
2025-08-09 11:34:27,046 - No valid matching text found near 'INVOICE NO'
2025-08-09 11:34:27,046 - 
Searching for text near 'ACCOUNT NO' in 'below' position:
2025-08-09 11:34:27,046 - Keyphrase 'ACCOUNT NO' bounding box:
2025-08-09 11:34:27,046 -   Top-left: (7, 362)
2025-08-09 11:34:27,046 -   Bottom-right: (104, 375)
2025-08-09 11:34:27,061 - No valid matching text found near 'ACCOUNT NO'
2025-08-09 11:34:27,061 - 
Searching for text near 'INVOICE DATE' in 'below' position:
2025-08-09 11:34:27,061 - Keyphrase 'INVOICE DATE' bounding box:
2025-08-09 11:34:27,061 -   Top-left: (992, 160)
2025-08-09 11:34:27,061 -   Bottom-right: (1136, 177)
2025-08-09 11:34:27,076 - No valid matching text found near 'INVOICE DATE'
2025-08-09 11:34:27,076 - 
Searching for text near 'INVOICE NO' in 'below' position:
2025-08-09 11:34:27,076 - Keyphrase 'INVOICE NO' bounding box:
2025-08-09 11:34:27,076 -   Top-left: (995, 81)
2025-08-09 11:34:27,076 -   Bottom-right: (1123, 99)
2025-08-09 11:34:27,090 - No valid matching text found near 'INVOICE NO'
2025-08-09 11:34:27,090 - 
Searching for text near 'ACCOUNT NO' in 'below' position:
2025-08-09 11:34:27,091 - Keyphrase 'ACCOUNT NO' bounding box:
2025-08-09 11:34:27,091 -   Top-left: (7, 362)
2025-08-09 11:34:27,091 -   Bottom-right: (104, 375)
2025-08-09 11:34:27,105 - No valid matching text found near 'ACCOUNT NO'
2025-08-09 11:34:27,105 - 
Searching for text near 'INVOICE DATE' in 'below' position:
2025-08-09 11:34:27,106 - Keyphrase 'INVOICE DATE' bounding box:
2025-08-09 11:34:27,106 -   Top-left: (992, 160)
2025-08-09 11:34:27,106 -   Bottom-right: (1136, 177)
2025-08-09 11:34:27,120 - No valid matching text found near 'INVOICE DATE'
2025-08-09 11:34:27,120 - 
Searching for text near 'INVOICE NO' in 'below' position:
2025-08-09 11:34:27,121 - Keyphrase 'INVOICE NO' bounding box:
2025-08-09 11:34:27,121 -   Top-left: (995, 81)
2025-08-09 11:34:27,121 -   Bottom-right: (1123, 99)
2025-08-09 11:34:27,135 - No valid matching text found near 'INVOICE NO'
2025-08-09 11:34:27,135 - 
Searching for text near 'ACCOUNT NO' in 'below' position:
2025-08-09 11:34:27,135 - Keyphrase 'ACCOUNT NO' bounding box:
2025-08-09 11:34:27,135 -   Top-left: (7, 362)
2025-08-09 11:34:27,135 -   Bottom-right: (104, 375)
2025-08-09 11:34:27,150 - No valid matching text found near 'ACCOUNT NO'
2025-08-09 11:34:27,150 - 
Searching for text near 'INVOICE DATE' in 'below' position:
2025-08-09 11:34:27,150 - Keyphrase 'INVOICE DATE' bounding box:
2025-08-09 11:34:27,150 -   Top-left: (992, 160)
2025-08-09 11:34:27,150 -   Bottom-right: (1136, 177)
2025-08-09 11:34:27,165 - 
MATCH FOUND: '01/02/25'
2025-08-09 11:34:27,165 - Match bounding box:
2025-08-09 11:34:27,165 -   Top-left: (1034, 201)
2025-08-09 11:34:27,165 -   Bottom-right: (1146, 219)
2025-08-09 11:34:27,165 - 
Searching for text near 'INVOICE NO' in 'below' position:
2025-08-09 11:34:27,165 - Keyphrase 'INVOICE NO' bounding box:
2025-08-09 11:34:27,165 -   Top-left: (995, 81)
2025-08-09 11:34:27,165 -   Bottom-right: (1123, 99)
2025-08-09 11:34:27,179 - No valid matching text found near 'INVOICE NO'
2025-08-09 11:34:27,179 - 
Searching for text near 'ACCOUNT NO' in 'below' position:
2025-08-09 11:34:27,180 - Keyphrase 'ACCOUNT NO' bounding box:
2025-08-09 11:34:27,180 -   Top-left: (7, 362)
2025-08-09 11:34:27,180 -   Bottom-right: (104, 375)
2025-08-09 11:34:27,194 - 
MATCH FOUND: 'CESARE'
2025-08-09 11:34:27,194 - Match bounding box:
2025-08-09 11:34:27,194 -   Top-left: (30, 404)
2025-08-09 11:34:27,194 -   Bottom-right: (114, 418)
2025-08-09 11:34:27,195 - 
Searching for text near 'INVOICE NO' in 'below' position:
2025-08-09 11:34:27,196 - Keyphrase 'INVOICE NO' bounding box:
2025-08-09 11:34:27,196 -   Top-left: (995, 81)
2025-08-09 11:34:27,196 -   Bottom-right: (1123, 99)
2025-08-09 11:34:27,210 - 
MATCH FOUND: '435323'
2025-08-09 11:34:27,210 - Match bounding box:
2025-08-09 11:34:27,210 -   Top-left: (1031, 134)
2025-08-09 11:34:27,210 -   Bottom-right: (1117, 149)
2025-08-09 11:34:27,211 - DEBUG: Automatic detection successful
