2025-08-09 11:14:48,003 - DEBUG: Processing image: C:\Users\Raffetto\AppData\Local\Temp\temp_1754752487929_rf3u6a.png
2025-08-09 11:14:48,456 - 
Searching for text near 'INVOICE NO' in 'below' position:
2025-08-09 11:14:48,457 - Complete keyphrase 'INVOICE NO' not found within threshold.
2025-08-09 11:14:48,457 - 
Searching for text near 'ACCOUNT NO' in 'below' position:
2025-08-09 11:14:48,457 - Keyphrase 'ACCOUNT NO' bounding box:
2025-08-09 11:14:48,457 -   Top-left: (7, 362)
2025-08-09 11:14:48,458 -   Bottom-right: (104, 375)
2025-08-09 11:14:48,472 - No valid matching text found near 'ACCOUNT NO'
2025-08-09 11:14:48,474 - 
Searching for text near 'INVOICE DATE' in 'below' position:
2025-08-09 11:14:48,474 - Complete keyphrase 'INVOICE DATE' not found within threshold.
2025-08-09 11:14:48,475 - 
Searching for text near 'INVOICE NO' in 'below' position:
2025-08-09 11:14:48,475 - Keyphrase 'INVOICE NO' bounding box:
2025-08-09 11:14:48,475 -   Top-left: (995, 81)
2025-08-09 11:14:48,475 -   Bottom-right: (1123, 99)
2025-08-09 11:14:48,490 - No valid matching text found near 'INVOICE NO'
2025-08-09 11:14:48,490 - 
Searching for text near 'ACCOUNT NO' in 'below' position:
2025-08-09 11:14:48,490 - Keyphrase 'ACCOUNT NO' bounding box:
2025-08-09 11:14:48,491 -   Top-left: (7, 362)
2025-08-09 11:14:48,491 -   Bottom-right: (104, 375)
2025-08-09 11:14:48,505 - No valid matching text found near 'ACCOUNT NO'
2025-08-09 11:14:48,505 - 
Searching for text near 'INVOICE DATE' in 'below' position:
2025-08-09 11:14:48,506 - Keyphrase 'INVOICE DATE' bounding box:
2025-08-09 11:14:48,506 -   Top-left: (992, 160)
2025-08-09 11:14:48,506 -   Bottom-right: (1136, 177)
2025-08-09 11:14:48,520 - No valid matching text found near 'INVOICE DATE'
2025-08-09 11:14:48,521 - 
Searching for text near 'INVOICE NO' in 'below' position:
2025-08-09 11:14:48,521 - Keyphrase 'INVOICE NO' bounding box:
2025-08-09 11:14:48,521 -   Top-left: (995, 81)
2025-08-09 11:14:48,521 -   Bottom-right: (1123, 99)
2025-08-09 11:14:48,535 - No valid matching text found near 'INVOICE NO'
2025-08-09 11:14:48,535 - 
Searching for text near 'ACCOUNT NO' in 'below' position:
2025-08-09 11:14:48,536 - Keyphrase 'ACCOUNT NO' bounding box:
2025-08-09 11:14:48,536 -   Top-left: (7, 362)
2025-08-09 11:14:48,536 -   Bottom-right: (104, 375)
2025-08-09 11:14:48,550 - No valid matching text found near 'ACCOUNT NO'
2025-08-09 11:14:48,550 - 
Searching for text near 'INVOICE DATE' in 'below' position:
2025-08-09 11:14:48,551 - Keyphrase 'INVOICE DATE' bounding box:
2025-08-09 11:14:48,551 -   Top-left: (992, 160)
2025-08-09 11:14:48,551 -   Bottom-right: (1136, 177)
2025-08-09 11:14:48,565 - No valid matching text found near 'INVOICE DATE'
2025-08-09 11:14:48,565 - 
Searching for text near 'INVOICE NO' in 'below' position:
2025-08-09 11:14:48,566 - Keyphrase 'INVOICE NO' bounding box:
2025-08-09 11:14:48,566 -   Top-left: (995, 81)
2025-08-09 11:14:48,566 -   Bottom-right: (1123, 99)
2025-08-09 11:14:48,580 - No valid matching text found near 'INVOICE NO'
2025-08-09 11:14:48,580 - 
Searching for text near 'ACCOUNT NO' in 'below' position:
2025-08-09 11:14:48,581 - Keyphrase 'ACCOUNT NO' bounding box:
2025-08-09 11:14:48,581 -   Top-left: (7, 362)
2025-08-09 11:14:48,581 -   Bottom-right: (104, 375)
2025-08-09 11:14:48,595 - No valid matching text found near 'ACCOUNT NO'
2025-08-09 11:14:48,595 - 
Searching for text near 'INVOICE DATE' in 'below' position:
2025-08-09 11:14:48,596 - Keyphrase 'INVOICE DATE' bounding box:
2025-08-09 11:14:48,596 -   Top-left: (992, 160)
2025-08-09 11:14:48,596 -   Bottom-right: (1136, 177)
2025-08-09 11:14:48,610 - No valid matching text found near 'INVOICE DATE'
2025-08-09 11:14:48,610 - 
Searching for text near 'INVOICE NO' in 'below' position:
2025-08-09 11:14:48,611 - Keyphrase 'INVOICE NO' bounding box:
2025-08-09 11:14:48,611 -   Top-left: (995, 81)
2025-08-09 11:14:48,611 -   Bottom-right: (1123, 99)
2025-08-09 11:14:48,626 - No valid matching text found near 'INVOICE NO'
2025-08-09 11:14:48,626 - 
Searching for text near 'ACCOUNT NO' in 'below' position:
2025-08-09 11:14:48,626 - Keyphrase 'ACCOUNT NO' bounding box:
2025-08-09 11:14:48,626 -   Top-left: (7, 362)
2025-08-09 11:14:48,626 -   Bottom-right: (104, 375)
2025-08-09 11:14:48,641 - No valid matching text found near 'ACCOUNT NO'
2025-08-09 11:14:48,641 - 
Searching for text near 'INVOICE DATE' in 'below' position:
2025-08-09 11:14:48,641 - Keyphrase 'INVOICE DATE' bounding box:
2025-08-09 11:14:48,641 -   Top-left: (992, 160)
2025-08-09 11:14:48,641 -   Bottom-right: (1136, 177)
2025-08-09 11:14:48,656 - 
MATCH FOUND: '01/02/25'
2025-08-09 11:14:48,656 - Match bounding box:
2025-08-09 11:14:48,656 -   Top-left: (1034, 201)
2025-08-09 11:14:48,656 -   Bottom-right: (1146, 219)
2025-08-09 11:14:48,656 - 
Searching for text near 'INVOICE NO' in 'below' position:
2025-08-09 11:14:48,657 - Keyphrase 'INVOICE NO' bounding box:
2025-08-09 11:14:48,657 -   Top-left: (995, 81)
2025-08-09 11:14:48,657 -   Bottom-right: (1123, 99)
2025-08-09 11:14:48,671 - No valid matching text found near 'INVOICE NO'
2025-08-09 11:14:48,671 - 
Searching for text near 'ACCOUNT NO' in 'below' position:
2025-08-09 11:14:48,672 - Keyphrase 'ACCOUNT NO' bounding box:
2025-08-09 11:14:48,672 -   Top-left: (7, 362)
2025-08-09 11:14:48,672 -   Bottom-right: (104, 375)
2025-08-09 11:14:48,686 - 
MATCH FOUND: 'CESARE'
2025-08-09 11:14:48,686 - Match bounding box:
2025-08-09 11:14:48,687 -   Top-left: (30, 404)
2025-08-09 11:14:48,687 -   Bottom-right: (114, 418)
2025-08-09 11:14:48,687 - 
Searching for text near 'INVOICE NO' in 'below' position:
2025-08-09 11:14:48,688 - Keyphrase 'INVOICE NO' bounding box:
2025-08-09 11:14:48,688 -   Top-left: (995, 81)
2025-08-09 11:14:48,688 -   Bottom-right: (1123, 99)
2025-08-09 11:14:48,702 - 
MATCH FOUND: '435323'
2025-08-09 11:14:48,702 - Match bounding box:
2025-08-09 11:14:48,702 -   Top-left: (1031, 134)
2025-08-09 11:14:48,702 -   Bottom-right: (1117, 149)
2025-08-09 11:14:48,703 - DEBUG: Automatic detection successful
