2025-05-15 09:22:23,433 - DEBUG: Processing image: C:\Users\Raffetto\AppData\Local\Temp\temp_1747315343308_7hzwki.png
2025-05-15 09:22:23,954 - 
Searching for text near 'INVOICE NO' in 'below' position:
2025-05-15 09:22:23,955 - Complete keyphrase 'INVOICE NO' not found within threshold.
2025-05-15 09:22:23,956 - 
Searching for text near 'ACCOUNT NO' in 'below' position:
2025-05-15 09:22:23,956 - Keyphrase 'ACCOUNT NO' bounding box:
2025-05-15 09:22:23,956 -   Top-left: (4, 206)
2025-05-15 09:22:23,956 -   Bottom-right: (74, 216)
2025-05-15 09:22:23,977 - No valid matching text found near 'ACCOUNT NO'
2025-05-15 09:22:23,979 - 
Searching for text near 'INVOICE DATE' in 'below' position:
2025-05-15 09:22:23,980 - Keyphrase 'INVOICE DATE' bounding box:
2025-05-15 09:22:23,980 -   Top-left: (708, 64)
2025-05-15 09:22:23,980 -   Bottom-right: (812, 77)
2025-05-15 09:22:24,001 - No valid matching text found near 'INVOICE DATE'
2025-05-15 09:22:24,001 - 
Searching for text near 'INVOICE NO' in 'below' position:
2025-05-15 09:22:24,001 - Keyphrase 'INVOICE NO' bounding box:
2025-05-15 09:22:24,002 -   Top-left: (711, 10)
2025-05-15 09:22:24,002 -   Bottom-right: (802, 22)
2025-05-15 09:22:24,024 - No valid matching text found near 'INVOICE NO'
2025-05-15 09:22:24,024 - 
Searching for text near 'ACCOUNT NO' in 'below' position:
2025-05-15 09:22:24,025 - Keyphrase 'ACCOUNT NO' bounding box:
2025-05-15 09:22:24,025 -   Top-left: (4, 206)
2025-05-15 09:22:24,025 -   Bottom-right: (74, 216)
2025-05-15 09:22:24,047 - No valid matching text found near 'ACCOUNT NO'
2025-05-15 09:22:24,047 - 
Searching for text near 'INVOICE DATE' in 'below' position:
2025-05-15 09:22:24,047 - Keyphrase 'INVOICE DATE' bounding box:
2025-05-15 09:22:24,047 -   Top-left: (708, 64)
2025-05-15 09:22:24,047 -   Bottom-right: (812, 77)
2025-05-15 09:22:24,070 - No valid matching text found near 'INVOICE DATE'
2025-05-15 09:22:24,070 - 
Searching for text near 'INVOICE NO' in 'below' position:
2025-05-15 09:22:24,070 - Keyphrase 'INVOICE NO' bounding box:
2025-05-15 09:22:24,070 -   Top-left: (711, 10)
2025-05-15 09:22:24,070 -   Bottom-right: (802, 22)
2025-05-15 09:22:24,092 - No valid matching text found near 'INVOICE NO'
2025-05-15 09:22:24,092 - 
Searching for text near 'ACCOUNT NO' in 'below' position:
2025-05-15 09:22:24,093 - Keyphrase 'ACCOUNT NO' bounding box:
2025-05-15 09:22:24,093 -   Top-left: (4, 206)
2025-05-15 09:22:24,093 -   Bottom-right: (74, 216)
2025-05-15 09:22:24,115 - No valid matching text found near 'ACCOUNT NO'
2025-05-15 09:22:24,115 - 
Searching for text near 'INVOICE DATE' in 'below' position:
2025-05-15 09:22:24,115 - Keyphrase 'INVOICE DATE' bounding box:
2025-05-15 09:22:24,115 -   Top-left: (708, 64)
2025-05-15 09:22:24,115 -   Bottom-right: (812, 77)
2025-05-15 09:22:24,138 - 
MATCH FOUND: '01/02/25'
2025-05-15 09:22:24,138 - Match bounding box:
2025-05-15 09:22:24,138 -   Top-left: (737, 93)
2025-05-15 09:22:24,138 -   Bottom-right: (818, 107)
2025-05-15 09:22:24,138 - 
Searching for text near 'INVOICE NO' in 'below' position:
2025-05-15 09:22:24,138 - Keyphrase 'INVOICE NO' bounding box:
2025-05-15 09:22:24,138 -   Top-left: (711, 10)
2025-05-15 09:22:24,138 -   Bottom-right: (802, 22)
2025-05-15 09:22:24,160 - No valid matching text found near 'INVOICE NO'
2025-05-15 09:22:24,160 - 
Searching for text near 'ACCOUNT NO' in 'below' position:
2025-05-15 09:22:24,161 - Keyphrase 'ACCOUNT NO' bounding box:
2025-05-15 09:22:24,161 -   Top-left: (4, 206)
2025-05-15 09:22:24,161 -   Bottom-right: (74, 216)
2025-05-15 09:22:24,183 - 
MATCH FOUND: 'AGATHA'
2025-05-15 09:22:24,183 - Match bounding box:
2025-05-15 09:22:24,183 -   Top-left: (19, 234)
2025-05-15 09:22:24,183 -   Bottom-right: (79, 246)
2025-05-15 09:22:24,184 - 
Searching for text near 'INVOICE NO' in 'below' position:
2025-05-15 09:22:24,184 - Keyphrase 'INVOICE NO' bounding box:
2025-05-15 09:22:24,184 -   Top-left: (711, 10)
2025-05-15 09:22:24,184 -   Bottom-right: (802, 22)
2025-05-15 09:22:24,207 - 
MATCH FOUND: '435327'
2025-05-15 09:22:24,207 - Match bounding box:
2025-05-15 09:22:24,207 -   Top-left: (735, 45)
2025-05-15 09:22:24,207 -   Bottom-right: (795, 56)
2025-05-15 09:22:24,208 - DEBUG: Automatic detection successful, copying image to sorted folder
2025-05-15 09:22:24,769 - DEBUG: Processing image: C:\Users\Raffetto\AppData\Local\Temp\temp_1747315344657_exlgki.png
2025-05-15 09:22:25,087 - 
Searching for text near 'INVOICE NO' in 'below' position:
2025-05-15 09:22:25,088 - Complete keyphrase 'INVOICE NO' not found within threshold.
2025-05-15 09:22:25,088 - 
Searching for text near 'ACCOUNT NO' in 'below' position:
2025-05-15 09:22:25,088 - Keyphrase 'ACCOUNT NO' bounding box:
2025-05-15 09:22:25,089 -   Top-left: (4, 208)
2025-05-15 09:22:25,089 -   Bottom-right: (74, 217)
2025-05-15 09:22:25,103 - No valid matching text found near 'ACCOUNT NO'
2025-05-15 09:22:25,103 - 
Searching for text near 'INVOICE DATE' in 'below' position:
2025-05-15 09:22:25,104 - Complete keyphrase 'INVOICE DATE' not found within threshold.
2025-05-15 09:22:25,104 - 
Searching for text near 'INVOICE NO' in 'below' position:
2025-05-15 09:22:25,104 - Keyphrase 'INVOICE NO' bounding box:
2025-05-15 09:22:25,104 -   Top-left: (710, 7)
2025-05-15 09:22:25,104 -   Bottom-right: (803, 20)
2025-05-15 09:22:25,119 - No valid matching text found near 'INVOICE NO'
2025-05-15 09:22:25,119 - 
Searching for text near 'ACCOUNT NO' in 'below' position:
2025-05-15 09:22:25,119 - Keyphrase 'ACCOUNT NO' bounding box:
2025-05-15 09:22:25,119 -   Top-left: (4, 208)
2025-05-15 09:22:25,119 -   Bottom-right: (74, 217)
2025-05-15 09:22:25,134 - No valid matching text found near 'ACCOUNT NO'
2025-05-15 09:22:25,134 - 
Searching for text near 'INVOICE DATE' in 'below' position:
2025-05-15 09:22:25,135 - Keyphrase 'INVOICE DATE' bounding box:
2025-05-15 09:22:25,135 -   Top-left: (708, 62)
2025-05-15 09:22:25,135 -   Bottom-right: (811, 75)
2025-05-15 09:22:25,150 - No valid matching text found near 'INVOICE DATE'
2025-05-15 09:22:25,150 - 
Searching for text near 'INVOICE NO' in 'below' position:
2025-05-15 09:22:25,150 - Keyphrase 'INVOICE NO' bounding box:
2025-05-15 09:22:25,150 -   Top-left: (710, 7)
2025-05-15 09:22:25,150 -   Bottom-right: (803, 20)
2025-05-15 09:22:25,165 - No valid matching text found near 'INVOICE NO'
2025-05-15 09:22:25,165 - 
Searching for text near 'ACCOUNT NO' in 'below' position:
2025-05-15 09:22:25,165 - Keyphrase 'ACCOUNT NO' bounding box:
2025-05-15 09:22:25,166 -   Top-left: (4, 208)
2025-05-15 09:22:25,166 -   Bottom-right: (74, 217)
2025-05-15 09:22:25,181 - No valid matching text found near 'ACCOUNT NO'
2025-05-15 09:22:25,181 - 
Searching for text near 'INVOICE DATE' in 'below' position:
2025-05-15 09:22:25,181 - Keyphrase 'INVOICE DATE' bounding box:
2025-05-15 09:22:25,181 -   Top-left: (708, 62)
2025-05-15 09:22:25,181 -   Bottom-right: (811, 75)
2025-05-15 09:22:25,196 - No valid matching text found near 'INVOICE DATE'
2025-05-15 09:22:25,196 - 
Searching for text near 'INVOICE NO' in 'below' position:
2025-05-15 09:22:25,196 - Keyphrase 'INVOICE NO' bounding box:
2025-05-15 09:22:25,196 -   Top-left: (710, 7)
2025-05-15 09:22:25,196 -   Bottom-right: (803, 20)
2025-05-15 09:22:25,212 - No valid matching text found near 'INVOICE NO'
2025-05-15 09:22:25,212 - 
Searching for text near 'ACCOUNT NO' in 'below' position:
2025-05-15 09:22:25,213 - Keyphrase 'ACCOUNT NO' bounding box:
2025-05-15 09:22:25,213 -   Top-left: (4, 208)
2025-05-15 09:22:25,213 -   Bottom-right: (74, 217)
2025-05-15 09:22:25,236 - 
MATCH FOUND: 'CESARE'
2025-05-15 09:22:25,236 - Match bounding box:
2025-05-15 09:22:25,236 -   Top-left: (21, 237)
2025-05-15 09:22:25,237 -   Bottom-right: (82, 249)
2025-05-15 09:22:25,237 - 
Searching for text near 'INVOICE DATE' in 'below' position:
2025-05-15 09:22:25,237 - Keyphrase 'INVOICE DATE' bounding box:
2025-05-15 09:22:25,237 -   Top-left: (708, 62)
2025-05-15 09:22:25,238 -   Bottom-right: (811, 75)
2025-05-15 09:22:25,253 - 
MATCH FOUND: '01/02/25'
2025-05-15 09:22:25,253 - Match bounding box:
2025-05-15 09:22:25,253 -   Top-left: (738, 93)
2025-05-15 09:22:25,253 -   Bottom-right: (818, 106)
2025-05-15 09:22:25,253 - 
Searching for text near 'INVOICE NO' in 'below' position:
2025-05-15 09:22:25,253 - Keyphrase 'INVOICE NO' bounding box:
2025-05-15 09:22:25,253 -   Top-left: (710, 7)
2025-05-15 09:22:25,254 -   Bottom-right: (803, 20)
2025-05-15 09:22:25,268 - 
MATCH FOUND: '435323'
2025-05-15 09:22:25,268 - Match bounding box:
2025-05-15 09:22:25,268 -   Top-left: (736, 44)
2025-05-15 09:22:25,268 -   Bottom-right: (797, 55)
2025-05-15 09:22:25,269 - DEBUG: Automatic detection successful, copying image to sorted folder
